
*** Running vivado
    with args -log design_2_wrapper.vds -m64 -product Vivado -mode batch -messageDb vivado.pb -notrace -source design_2_wrapper.tcl



****** Vivado v2022.1.1 (64-bit)
  **** SW Build 3557992 on Fri Jun  3 09:58:00 MDT 2022
  **** IP Build 3556342 on Fri Jun  3 19:31:36 MDT 2022
    ** Copyright 1986-2022 Xilinx, Inc. All Rights Reserved.

source design_2_wrapper.tcl -notrace
INFO: [IP_Flow 19-234] Refreshing IP repositories
INFO: [IP_Flow 19-1704] No user IP repositories specified
INFO: [IP_Flow 19-2313] Loaded Vivado IP repository 'D:/Xilinx/Vivado/2022.1/data/ip'.
Command: synth_design -top design_2_wrapper -part xc7a200tfbg676-2
Starting synth_design
Attempting to get a license for feature 'Synthesis' and/or device 'xc7a200t'
INFO: [Common 17-349] Got license for feature 'Synthesis' and/or device 'xc7a200t'
INFO: [Device 21-403] Loading part xc7a200tfbg676-2
INFO: [Synth 8-7079] Multithreading enabled for synth_design using a maximum of 2 processes.
INFO: [Synth 8-7078] Launching helper process for spawning children vivado processes
INFO: [Synth 8-7075] Helper process launched with PID 23156
---------------------------------------------------------------------------------
Starting RTL Elaboration : Time (s): cpu = 00:00:05 ; elapsed = 00:00:05 . Memory (MB): peak = 1293.250 ; gain = 0.000
---------------------------------------------------------------------------------
INFO: [Synth 8-6157] synthesizing module 'design_2_wrapper' [d:/AC701-tutorials/tutorial_3_ethernet/tutorial_3_ethernet.gen/sources_1/bd/design_2/hdl/design_2_wrapper.v:12]
INFO: [Synth 8-6157] synthesizing module 'design_2' [d:/AC701-tutorials/tutorial_3_ethernet/tutorial_3_ethernet.gen/sources_1/bd/design_2/synth/design_2.v:12]
INFO: [Synth 8-6157] synthesizing module 'design_2_axi_uart16550_0_0' [D:/AC701-tutorials/tutorial_3_ethernet/tutorial_3_ethernet.runs/synth_1/.Xil/Vivado-31176-Minsung3080/realtime/design_2_axi_uart16550_0_0_stub.v:5]
INFO: [Synth 8-6155] done synthesizing module 'design_2_axi_uart16550_0_0' (0#1) [D:/AC701-tutorials/tutorial_3_ethernet/tutorial_3_ethernet.runs/synth_1/.Xil/Vivado-31176-Minsung3080/realtime/design_2_axi_uart16550_0_0_stub.v:5]
WARNING: [Synth 8-7071] port 'baudoutn' of module 'design_2_axi_uart16550_0_0' is unconnected for instance 'axi_uart16550_0' [d:/AC701-tutorials/tutorial_3_ethernet/tutorial_3_ethernet.gen/sources_1/bd/design_2/synth/design_2.v:128]
WARNING: [Synth 8-7071] port 'ddis' of module 'design_2_axi_uart16550_0_0' is unconnected for instance 'axi_uart16550_0' [d:/AC701-tutorials/tutorial_3_ethernet/tutorial_3_ethernet.gen/sources_1/bd/design_2/synth/design_2.v:128]
WARNING: [Synth 8-7071] port 'dtrn' of module 'design_2_axi_uart16550_0_0' is unconnected for instance 'axi_uart16550_0' [d:/AC701-tutorials/tutorial_3_ethernet/tutorial_3_ethernet.gen/sources_1/bd/design_2/synth/design_2.v:128]
WARNING: [Synth 8-7071] port 'out1n' of module 'design_2_axi_uart16550_0_0' is unconnected for instance 'axi_uart16550_0' [d:/AC701-tutorials/tutorial_3_ethernet/tutorial_3_ethernet.gen/sources_1/bd/design_2/synth/design_2.v:128]
WARNING: [Synth 8-7071] port 'out2n' of module 'design_2_axi_uart16550_0_0' is unconnected for instance 'axi_uart16550_0' [d:/AC701-tutorials/tutorial_3_ethernet/tutorial_3_ethernet.gen/sources_1/bd/design_2/synth/design_2.v:128]
WARNING: [Synth 8-7071] port 'rtsn' of module 'design_2_axi_uart16550_0_0' is unconnected for instance 'axi_uart16550_0' [d:/AC701-tutorials/tutorial_3_ethernet/tutorial_3_ethernet.gen/sources_1/bd/design_2/synth/design_2.v:128]
WARNING: [Synth 8-7071] port 'rxrdyn' of module 'design_2_axi_uart16550_0_0' is unconnected for instance 'axi_uart16550_0' [d:/AC701-tutorials/tutorial_3_ethernet/tutorial_3_ethernet.gen/sources_1/bd/design_2/synth/design_2.v:128]
WARNING: [Synth 8-7071] port 'txrdyn' of module 'design_2_axi_uart16550_0_0' is unconnected for instance 'axi_uart16550_0' [d:/AC701-tutorials/tutorial_3_ethernet/tutorial_3_ethernet.gen/sources_1/bd/design_2/synth/design_2.v:128]
WARNING: [Synth 8-7023] instance 'axi_uart16550_0' of module 'design_2_axi_uart16550_0_0' has 35 connections declared, but only 27 given [d:/AC701-tutorials/tutorial_3_ethernet/tutorial_3_ethernet.gen/sources_1/bd/design_2/synth/design_2.v:128]
INFO: [Synth 8-6157] synthesizing module 'design_2_clk_wiz_1_0' [D:/AC701-tutorials/tutorial_3_ethernet/tutorial_3_ethernet.runs/synth_1/.Xil/Vivado-31176-Minsung3080/realtime/design_2_clk_wiz_1_0_stub.v:5]
INFO: [Synth 8-6155] done synthesizing module 'design_2_clk_wiz_1_0' (0#1) [D:/AC701-tutorials/tutorial_3_ethernet/tutorial_3_ethernet.runs/synth_1/.Xil/Vivado-31176-Minsung3080/realtime/design_2_clk_wiz_1_0_stub.v:5]
INFO: [Synth 8-6157] synthesizing module 'design_2_mdm_1_0' [D:/AC701-tutorials/tutorial_3_ethernet/tutorial_3_ethernet.runs/synth_1/.Xil/Vivado-31176-Minsung3080/realtime/design_2_mdm_1_0_stub.v:5]
INFO: [Synth 8-6155] done synthesizing module 'design_2_mdm_1_0' (0#1) [D:/AC701-tutorials/tutorial_3_ethernet/tutorial_3_ethernet.runs/synth_1/.Xil/Vivado-31176-Minsung3080/realtime/design_2_mdm_1_0_stub.v:5]
INFO: [Synth 8-6157] synthesizing module 'design_2_microblaze_0_0' [D:/AC701-tutorials/tutorial_3_ethernet/tutorial_3_ethernet.runs/synth_1/.Xil/Vivado-31176-Minsung3080/realtime/design_2_microblaze_0_0_stub.v:5]
INFO: [Synth 8-6155] done synthesizing module 'design_2_microblaze_0_0' (0#1) [D:/AC701-tutorials/tutorial_3_ethernet/tutorial_3_ethernet.runs/synth_1/.Xil/Vivado-31176-Minsung3080/realtime/design_2_microblaze_0_0_stub.v:5]
INFO: [Synth 8-6157] synthesizing module 'design_2_microblaze_0_axi_intc_0' [D:/AC701-tutorials/tutorial_3_ethernet/tutorial_3_ethernet.runs/synth_1/.Xil/Vivado-31176-Minsung3080/realtime/design_2_microblaze_0_axi_intc_0_stub.v:5]
INFO: [Synth 8-6155] done synthesizing module 'design_2_microblaze_0_axi_intc_0' (0#1) [D:/AC701-tutorials/tutorial_3_ethernet/tutorial_3_ethernet.runs/synth_1/.Xil/Vivado-31176-Minsung3080/realtime/design_2_microblaze_0_axi_intc_0_stub.v:5]
INFO: [Synth 8-6157] synthesizing module 'design_2_microblaze_0_axi_periph_0' [d:/AC701-tutorials/tutorial_3_ethernet/tutorial_3_ethernet.gen/sources_1/bd/design_2/synth/design_2.v:353]
INFO: [Synth 8-6157] synthesizing module 'm00_couplers_imp_11CD1WM' [d:/AC701-tutorials/tutorial_3_ethernet/tutorial_3_ethernet.gen/sources_1/bd/design_2/synth/design_2.v:803]
INFO: [Synth 8-6155] done synthesizing module 'm00_couplers_imp_11CD1WM' (0#1) [d:/AC701-tutorials/tutorial_3_ethernet/tutorial_3_ethernet.gen/sources_1/bd/design_2/synth/design_2.v:803]
INFO: [Synth 8-6157] synthesizing module 'm01_couplers_imp_TCH0CN' [d:/AC701-tutorials/tutorial_3_ethernet/tutorial_3_ethernet.gen/sources_1/bd/design_2/synth/design_2.v:935]
INFO: [Synth 8-6155] done synthesizing module 'm01_couplers_imp_TCH0CN' (0#1) [d:/AC701-tutorials/tutorial_3_ethernet/tutorial_3_ethernet.gen/sources_1/bd/design_2/synth/design_2.v:935]
INFO: [Synth 8-6157] synthesizing module 's00_couplers_imp_ZF502S' [d:/AC701-tutorials/tutorial_3_ethernet/tutorial_3_ethernet.gen/sources_1/bd/design_2/synth/design_2.v:1301]
INFO: [Synth 8-6155] done synthesizing module 's00_couplers_imp_ZF502S' (0#1) [d:/AC701-tutorials/tutorial_3_ethernet/tutorial_3_ethernet.gen/sources_1/bd/design_2/synth/design_2.v:1301]
INFO: [Synth 8-6157] synthesizing module 'design_2_xbar_0' [D:/AC701-tutorials/tutorial_3_ethernet/tutorial_3_ethernet.runs/synth_1/.Xil/Vivado-31176-Minsung3080/realtime/design_2_xbar_0_stub.v:5]
INFO: [Synth 8-6155] done synthesizing module 'design_2_xbar_0' (0#1) [D:/AC701-tutorials/tutorial_3_ethernet/tutorial_3_ethernet.runs/synth_1/.Xil/Vivado-31176-Minsung3080/realtime/design_2_xbar_0_stub.v:5]
WARNING: [Synth 8-7071] port 'm_axi_awprot' of module 'design_2_xbar_0' is unconnected for instance 'xbar' [d:/AC701-tutorials/tutorial_3_ethernet/tutorial_3_ethernet.gen/sources_1/bd/design_2/synth/design_2.v:762]
WARNING: [Synth 8-7071] port 'm_axi_arprot' of module 'design_2_xbar_0' is unconnected for instance 'xbar' [d:/AC701-tutorials/tutorial_3_ethernet/tutorial_3_ethernet.gen/sources_1/bd/design_2/synth/design_2.v:762]
WARNING: [Synth 8-7023] instance 'xbar' of module 'design_2_xbar_0' has 40 connections declared, but only 38 given [d:/AC701-tutorials/tutorial_3_ethernet/tutorial_3_ethernet.gen/sources_1/bd/design_2/synth/design_2.v:762]
INFO: [Synth 8-6155] done synthesizing module 'design_2_microblaze_0_axi_periph_0' (0#1) [d:/AC701-tutorials/tutorial_3_ethernet/tutorial_3_ethernet.gen/sources_1/bd/design_2/synth/design_2.v:353]
INFO: [Synth 8-6157] synthesizing module 'microblaze_0_local_memory_imp_MFYM5E' [d:/AC701-tutorials/tutorial_3_ethernet/tutorial_3_ethernet.gen/sources_1/bd/design_2/synth/design_2.v:1067]
INFO: [Synth 8-6157] synthesizing module 'design_2_dlmb_bram_if_cntlr_0' [D:/AC701-tutorials/tutorial_3_ethernet/tutorial_3_ethernet.runs/synth_1/.Xil/Vivado-31176-Minsung3080/realtime/design_2_dlmb_bram_if_cntlr_0_stub.v:5]
INFO: [Synth 8-6155] done synthesizing module 'design_2_dlmb_bram_if_cntlr_0' (0#1) [D:/AC701-tutorials/tutorial_3_ethernet/tutorial_3_ethernet.runs/synth_1/.Xil/Vivado-31176-Minsung3080/realtime/design_2_dlmb_bram_if_cntlr_0_stub.v:5]
INFO: [Synth 8-6157] synthesizing module 'design_2_dlmb_v10_0' [D:/AC701-tutorials/tutorial_3_ethernet/tutorial_3_ethernet.runs/synth_1/.Xil/Vivado-31176-Minsung3080/realtime/design_2_dlmb_v10_0_stub.v:5]
INFO: [Synth 8-6155] done synthesizing module 'design_2_dlmb_v10_0' (0#1) [D:/AC701-tutorials/tutorial_3_ethernet/tutorial_3_ethernet.runs/synth_1/.Xil/Vivado-31176-Minsung3080/realtime/design_2_dlmb_v10_0_stub.v:5]
WARNING: [Synth 8-7071] port 'LMB_Rst' of module 'design_2_dlmb_v10_0' is unconnected for instance 'dlmb_v10' [d:/AC701-tutorials/tutorial_3_ethernet/tutorial_3_ethernet.gen/sources_1/bd/design_2/synth/design_2.v:1213]
WARNING: [Synth 8-7023] instance 'dlmb_v10' of module 'design_2_dlmb_v10_0' has 25 connections declared, but only 24 given [d:/AC701-tutorials/tutorial_3_ethernet/tutorial_3_ethernet.gen/sources_1/bd/design_2/synth/design_2.v:1213]
INFO: [Synth 8-6157] synthesizing module 'design_2_ilmb_bram_if_cntlr_0' [D:/AC701-tutorials/tutorial_3_ethernet/tutorial_3_ethernet.runs/synth_1/.Xil/Vivado-31176-Minsung3080/realtime/design_2_ilmb_bram_if_cntlr_0_stub.v:5]
INFO: [Synth 8-6155] done synthesizing module 'design_2_ilmb_bram_if_cntlr_0' (0#1) [D:/AC701-tutorials/tutorial_3_ethernet/tutorial_3_ethernet.runs/synth_1/.Xil/Vivado-31176-Minsung3080/realtime/design_2_ilmb_bram_if_cntlr_0_stub.v:5]
INFO: [Synth 8-6157] synthesizing module 'design_2_ilmb_v10_0' [D:/AC701-tutorials/tutorial_3_ethernet/tutorial_3_ethernet.runs/synth_1/.Xil/Vivado-31176-Minsung3080/realtime/design_2_ilmb_v10_0_stub.v:5]
INFO: [Synth 8-6155] done synthesizing module 'design_2_ilmb_v10_0' (0#1) [D:/AC701-tutorials/tutorial_3_ethernet/tutorial_3_ethernet.runs/synth_1/.Xil/Vivado-31176-Minsung3080/realtime/design_2_ilmb_v10_0_stub.v:5]
WARNING: [Synth 8-7071] port 'LMB_Rst' of module 'design_2_ilmb_v10_0' is unconnected for instance 'ilmb_v10' [d:/AC701-tutorials/tutorial_3_ethernet/tutorial_3_ethernet.gen/sources_1/bd/design_2/synth/design_2.v:1259]
WARNING: [Synth 8-7023] instance 'ilmb_v10' of module 'design_2_ilmb_v10_0' has 25 connections declared, but only 24 given [d:/AC701-tutorials/tutorial_3_ethernet/tutorial_3_ethernet.gen/sources_1/bd/design_2/synth/design_2.v:1259]
INFO: [Synth 8-6157] synthesizing module 'design_2_lmb_bram_0' [D:/AC701-tutorials/tutorial_3_ethernet/tutorial_3_ethernet.runs/synth_1/.Xil/Vivado-31176-Minsung3080/realtime/design_2_lmb_bram_0_stub.v:5]
INFO: [Synth 8-6155] done synthesizing module 'design_2_lmb_bram_0' (0#1) [D:/AC701-tutorials/tutorial_3_ethernet/tutorial_3_ethernet.runs/synth_1/.Xil/Vivado-31176-Minsung3080/realtime/design_2_lmb_bram_0_stub.v:5]
WARNING: [Synth 8-7071] port 'rsta_busy' of module 'design_2_lmb_bram_0' is unconnected for instance 'lmb_bram' [d:/AC701-tutorials/tutorial_3_ethernet/tutorial_3_ethernet.gen/sources_1/bd/design_2/synth/design_2.v:1284]
WARNING: [Synth 8-7071] port 'rstb_busy' of module 'design_2_lmb_bram_0' is unconnected for instance 'lmb_bram' [d:/AC701-tutorials/tutorial_3_ethernet/tutorial_3_ethernet.gen/sources_1/bd/design_2/synth/design_2.v:1284]
WARNING: [Synth 8-7023] instance 'lmb_bram' of module 'design_2_lmb_bram_0' has 16 connections declared, but only 14 given [d:/AC701-tutorials/tutorial_3_ethernet/tutorial_3_ethernet.gen/sources_1/bd/design_2/synth/design_2.v:1284]
INFO: [Synth 8-6155] done synthesizing module 'microblaze_0_local_memory_imp_MFYM5E' (0#1) [d:/AC701-tutorials/tutorial_3_ethernet/tutorial_3_ethernet.gen/sources_1/bd/design_2/synth/design_2.v:1067]
INFO: [Synth 8-6157] synthesizing module 'design_2_microblaze_0_xlconcat_0' [d:/AC701-tutorials/tutorial_3_ethernet/tutorial_3_ethernet.gen/sources_1/bd/design_2/ip/design_2_microblaze_0_xlconcat_0/synth/design_2_microblaze_0_xlconcat_0.v:53]
INFO: [Synth 8-6157] synthesizing module 'xlconcat_v2_1_4_xlconcat' [d:/AC701-tutorials/tutorial_3_ethernet/tutorial_3_ethernet.gen/sources_1/bd/design_2/ipshared/4b67/hdl/xlconcat_v2_1_vl_rfs.v:14]
INFO: [Synth 8-6155] done synthesizing module 'xlconcat_v2_1_4_xlconcat' (0#1) [d:/AC701-tutorials/tutorial_3_ethernet/tutorial_3_ethernet.gen/sources_1/bd/design_2/ipshared/4b67/hdl/xlconcat_v2_1_vl_rfs.v:14]
INFO: [Synth 8-6155] done synthesizing module 'design_2_microblaze_0_xlconcat_0' (0#1) [d:/AC701-tutorials/tutorial_3_ethernet/tutorial_3_ethernet.gen/sources_1/bd/design_2/ip/design_2_microblaze_0_xlconcat_0/synth/design_2_microblaze_0_xlconcat_0.v:53]
INFO: [Synth 8-6157] synthesizing module 'design_2_rst_clk_wiz_1_100M_0' [D:/AC701-tutorials/tutorial_3_ethernet/tutorial_3_ethernet.runs/synth_1/.Xil/Vivado-31176-Minsung3080/realtime/design_2_rst_clk_wiz_1_100M_0_stub.v:5]
INFO: [Synth 8-6155] done synthesizing module 'design_2_rst_clk_wiz_1_100M_0' (0#1) [D:/AC701-tutorials/tutorial_3_ethernet/tutorial_3_ethernet.runs/synth_1/.Xil/Vivado-31176-Minsung3080/realtime/design_2_rst_clk_wiz_1_100M_0_stub.v:5]
WARNING: [Synth 8-7071] port 'peripheral_reset' of module 'design_2_rst_clk_wiz_1_100M_0' is unconnected for instance 'rst_clk_wiz_1_100M' [d:/AC701-tutorials/tutorial_3_ethernet/tutorial_3_ethernet.gen/sources_1/bd/design_2/synth/design_2.v:342]
WARNING: [Synth 8-7071] port 'interconnect_aresetn' of module 'design_2_rst_clk_wiz_1_100M_0' is unconnected for instance 'rst_clk_wiz_1_100M' [d:/AC701-tutorials/tutorial_3_ethernet/tutorial_3_ethernet.gen/sources_1/bd/design_2/synth/design_2.v:342]
WARNING: [Synth 8-7023] instance 'rst_clk_wiz_1_100M' of module 'design_2_rst_clk_wiz_1_100M_0' has 10 connections declared, but only 8 given [d:/AC701-tutorials/tutorial_3_ethernet/tutorial_3_ethernet.gen/sources_1/bd/design_2/synth/design_2.v:342]
INFO: [Synth 8-6155] done synthesizing module 'design_2' (0#1) [d:/AC701-tutorials/tutorial_3_ethernet/tutorial_3_ethernet.gen/sources_1/bd/design_2/synth/design_2.v:12]
INFO: [Synth 8-6155] done synthesizing module 'design_2_wrapper' (0#1) [d:/AC701-tutorials/tutorial_3_ethernet/tutorial_3_ethernet.gen/sources_1/bd/design_2/hdl/design_2_wrapper.v:12]
WARNING: [Synth 8-7129] Port In2[0] in module xlconcat_v2_1_4_xlconcat is either unconnected or has no load
WARNING: [Synth 8-7129] Port In3[0] in module xlconcat_v2_1_4_xlconcat is either unconnected or has no load
WARNING: [Synth 8-7129] Port In4[0] in module xlconcat_v2_1_4_xlconcat is either unconnected or has no load
WARNING: [Synth 8-7129] Port In5[0] in module xlconcat_v2_1_4_xlconcat is either unconnected or has no load
WARNING: [Synth 8-7129] Port In6[0] in module xlconcat_v2_1_4_xlconcat is either unconnected or has no load
WARNING: [Synth 8-7129] Port In7[0] in module xlconcat_v2_1_4_xlconcat is either unconnected or has no load
WARNING: [Synth 8-7129] Port In8[0] in module xlconcat_v2_1_4_xlconcat is either unconnected or has no load
WARNING: [Synth 8-7129] Port In9[0] in module xlconcat_v2_1_4_xlconcat is either unconnected or has no load
WARNING: [Synth 8-7129] Port In10[0] in module xlconcat_v2_1_4_xlconcat is either unconnected or has no load
WARNING: [Synth 8-7129] Port In11[0] in module xlconcat_v2_1_4_xlconcat is either unconnected or has no load
WARNING: [Synth 8-7129] Port In12[0] in module xlconcat_v2_1_4_xlconcat is either unconnected or has no load
WARNING: [Synth 8-7129] Port In13[0] in module xlconcat_v2_1_4_xlconcat is either unconnected or has no load
WARNING: [Synth 8-7129] Port In14[0] in module xlconcat_v2_1_4_xlconcat is either unconnected or has no load
WARNING: [Synth 8-7129] Port In15[0] in module xlconcat_v2_1_4_xlconcat is either unconnected or has no load
WARNING: [Synth 8-7129] Port In16[0] in module xlconcat_v2_1_4_xlconcat is either unconnected or has no load
WARNING: [Synth 8-7129] Port In17[0] in module xlconcat_v2_1_4_xlconcat is either unconnected or has no load
WARNING: [Synth 8-7129] Port In18[0] in module xlconcat_v2_1_4_xlconcat is either unconnected or has no load
WARNING: [Synth 8-7129] Port In19[0] in module xlconcat_v2_1_4_xlconcat is either unconnected or has no load
WARNING: [Synth 8-7129] Port In20[0] in module xlconcat_v2_1_4_xlconcat is either unconnected or has no load
WARNING: [Synth 8-7129] Port In21[0] in module xlconcat_v2_1_4_xlconcat is either unconnected or has no load
WARNING: [Synth 8-7129] Port In22[0] in module xlconcat_v2_1_4_xlconcat is either unconnected or has no load
WARNING: [Synth 8-7129] Port In23[0] in module xlconcat_v2_1_4_xlconcat is either unconnected or has no load
WARNING: [Synth 8-7129] Port In24[0] in module xlconcat_v2_1_4_xlconcat is either unconnected or has no load
WARNING: [Synth 8-7129] Port In25[0] in module xlconcat_v2_1_4_xlconcat is either unconnected or has no load
WARNING: [Synth 8-7129] Port In26[0] in module xlconcat_v2_1_4_xlconcat is either unconnected or has no load
WARNING: [Synth 8-7129] Port In27[0] in module xlconcat_v2_1_4_xlconcat is either unconnected or has no load
WARNING: [Synth 8-7129] Port In28[0] in module xlconcat_v2_1_4_xlconcat is either unconnected or has no load
WARNING: [Synth 8-7129] Port In29[0] in module xlconcat_v2_1_4_xlconcat is either unconnected or has no load
WARNING: [Synth 8-7129] Port In30[0] in module xlconcat_v2_1_4_xlconcat is either unconnected or has no load
WARNING: [Synth 8-7129] Port In31[0] in module xlconcat_v2_1_4_xlconcat is either unconnected or has no load
WARNING: [Synth 8-7129] Port In32[0] in module xlconcat_v2_1_4_xlconcat is either unconnected or has no load
WARNING: [Synth 8-7129] Port In33[0] in module xlconcat_v2_1_4_xlconcat is either unconnected or has no load
WARNING: [Synth 8-7129] Port In34[0] in module xlconcat_v2_1_4_xlconcat is either unconnected or has no load
WARNING: [Synth 8-7129] Port In35[0] in module xlconcat_v2_1_4_xlconcat is either unconnected or has no load
WARNING: [Synth 8-7129] Port In36[0] in module xlconcat_v2_1_4_xlconcat is either unconnected or has no load
WARNING: [Synth 8-7129] Port In37[0] in module xlconcat_v2_1_4_xlconcat is either unconnected or has no load
WARNING: [Synth 8-7129] Port In38[0] in module xlconcat_v2_1_4_xlconcat is either unconnected or has no load
WARNING: [Synth 8-7129] Port In39[0] in module xlconcat_v2_1_4_xlconcat is either unconnected or has no load
WARNING: [Synth 8-7129] Port In40[0] in module xlconcat_v2_1_4_xlconcat is either unconnected or has no load
WARNING: [Synth 8-7129] Port In41[0] in module xlconcat_v2_1_4_xlconcat is either unconnected or has no load
WARNING: [Synth 8-7129] Port In42[0] in module xlconcat_v2_1_4_xlconcat is either unconnected or has no load
WARNING: [Synth 8-7129] Port In43[0] in module xlconcat_v2_1_4_xlconcat is either unconnected or has no load
WARNING: [Synth 8-7129] Port In44[0] in module xlconcat_v2_1_4_xlconcat is either unconnected or has no load
WARNING: [Synth 8-7129] Port In45[0] in module xlconcat_v2_1_4_xlconcat is either unconnected or has no load
WARNING: [Synth 8-7129] Port In46[0] in module xlconcat_v2_1_4_xlconcat is either unconnected or has no load
WARNING: [Synth 8-7129] Port In47[0] in module xlconcat_v2_1_4_xlconcat is either unconnected or has no load
WARNING: [Synth 8-7129] Port In48[0] in module xlconcat_v2_1_4_xlconcat is either unconnected or has no load
WARNING: [Synth 8-7129] Port In49[0] in module xlconcat_v2_1_4_xlconcat is either unconnected or has no load
WARNING: [Synth 8-7129] Port In50[0] in module xlconcat_v2_1_4_xlconcat is either unconnected or has no load
WARNING: [Synth 8-7129] Port In51[0] in module xlconcat_v2_1_4_xlconcat is either unconnected or has no load
WARNING: [Synth 8-7129] Port In52[0] in module xlconcat_v2_1_4_xlconcat is either unconnected or has no load
WARNING: [Synth 8-7129] Port In53[0] in module xlconcat_v2_1_4_xlconcat is either unconnected or has no load
WARNING: [Synth 8-7129] Port In54[0] in module xlconcat_v2_1_4_xlconcat is either unconnected or has no load
WARNING: [Synth 8-7129] Port In55[0] in module xlconcat_v2_1_4_xlconcat is either unconnected or has no load
WARNING: [Synth 8-7129] Port In56[0] in module xlconcat_v2_1_4_xlconcat is either unconnected or has no load
WARNING: [Synth 8-7129] Port In57[0] in module xlconcat_v2_1_4_xlconcat is either unconnected or has no load
WARNING: [Synth 8-7129] Port In58[0] in module xlconcat_v2_1_4_xlconcat is either unconnected or has no load
WARNING: [Synth 8-7129] Port In59[0] in module xlconcat_v2_1_4_xlconcat is either unconnected or has no load
WARNING: [Synth 8-7129] Port In60[0] in module xlconcat_v2_1_4_xlconcat is either unconnected or has no load
WARNING: [Synth 8-7129] Port In61[0] in module xlconcat_v2_1_4_xlconcat is either unconnected or has no load
WARNING: [Synth 8-7129] Port In62[0] in module xlconcat_v2_1_4_xlconcat is either unconnected or has no load
WARNING: [Synth 8-7129] Port In63[0] in module xlconcat_v2_1_4_xlconcat is either unconnected or has no load
WARNING: [Synth 8-7129] Port In64[0] in module xlconcat_v2_1_4_xlconcat is either unconnected or has no load
WARNING: [Synth 8-7129] Port In65[0] in module xlconcat_v2_1_4_xlconcat is either unconnected or has no load
WARNING: [Synth 8-7129] Port In66[0] in module xlconcat_v2_1_4_xlconcat is either unconnected or has no load
WARNING: [Synth 8-7129] Port In67[0] in module xlconcat_v2_1_4_xlconcat is either unconnected or has no load
WARNING: [Synth 8-7129] Port In68[0] in module xlconcat_v2_1_4_xlconcat is either unconnected or has no load
WARNING: [Synth 8-7129] Port In69[0] in module xlconcat_v2_1_4_xlconcat is either unconnected or has no load
WARNING: [Synth 8-7129] Port In70[0] in module xlconcat_v2_1_4_xlconcat is either unconnected or has no load
WARNING: [Synth 8-7129] Port In71[0] in module xlconcat_v2_1_4_xlconcat is either unconnected or has no load
WARNING: [Synth 8-7129] Port In72[0] in module xlconcat_v2_1_4_xlconcat is either unconnected or has no load
WARNING: [Synth 8-7129] Port In73[0] in module xlconcat_v2_1_4_xlconcat is either unconnected or has no load
WARNING: [Synth 8-7129] Port In74[0] in module xlconcat_v2_1_4_xlconcat is either unconnected or has no load
WARNING: [Synth 8-7129] Port In75[0] in module xlconcat_v2_1_4_xlconcat is either unconnected or has no load
WARNING: [Synth 8-7129] Port In76[0] in module xlconcat_v2_1_4_xlconcat is either unconnected or has no load
WARNING: [Synth 8-7129] Port In77[0] in module xlconcat_v2_1_4_xlconcat is either unconnected or has no load
WARNING: [Synth 8-7129] Port In78[0] in module xlconcat_v2_1_4_xlconcat is either unconnected or has no load
WARNING: [Synth 8-7129] Port In79[0] in module xlconcat_v2_1_4_xlconcat is either unconnected or has no load
WARNING: [Synth 8-7129] Port In80[0] in module xlconcat_v2_1_4_xlconcat is either unconnected or has no load
WARNING: [Synth 8-7129] Port In81[0] in module xlconcat_v2_1_4_xlconcat is either unconnected or has no load
WARNING: [Synth 8-7129] Port In82[0] in module xlconcat_v2_1_4_xlconcat is either unconnected or has no load
WARNING: [Synth 8-7129] Port In83[0] in module xlconcat_v2_1_4_xlconcat is either unconnected or has no load
WARNING: [Synth 8-7129] Port In84[0] in module xlconcat_v2_1_4_xlconcat is either unconnected or has no load
WARNING: [Synth 8-7129] Port In85[0] in module xlconcat_v2_1_4_xlconcat is either unconnected or has no load
WARNING: [Synth 8-7129] Port In86[0] in module xlconcat_v2_1_4_xlconcat is either unconnected or has no load
WARNING: [Synth 8-7129] Port In87[0] in module xlconcat_v2_1_4_xlconcat is either unconnected or has no load
WARNING: [Synth 8-7129] Port In88[0] in module xlconcat_v2_1_4_xlconcat is either unconnected or has no load
WARNING: [Synth 8-7129] Port In89[0] in module xlconcat_v2_1_4_xlconcat is either unconnected or has no load
WARNING: [Synth 8-7129] Port In90[0] in module xlconcat_v2_1_4_xlconcat is either unconnected or has no load
WARNING: [Synth 8-7129] Port In91[0] in module xlconcat_v2_1_4_xlconcat is either unconnected or has no load
WARNING: [Synth 8-7129] Port In92[0] in module xlconcat_v2_1_4_xlconcat is either unconnected or has no load
WARNING: [Synth 8-7129] Port In93[0] in module xlconcat_v2_1_4_xlconcat is either unconnected or has no load
WARNING: [Synth 8-7129] Port In94[0] in module xlconcat_v2_1_4_xlconcat is either unconnected or has no load
WARNING: [Synth 8-7129] Port In95[0] in module xlconcat_v2_1_4_xlconcat is either unconnected or has no load
WARNING: [Synth 8-7129] Port In96[0] in module xlconcat_v2_1_4_xlconcat is either unconnected or has no load
WARNING: [Synth 8-7129] Port In97[0] in module xlconcat_v2_1_4_xlconcat is either unconnected or has no load
WARNING: [Synth 8-7129] Port In98[0] in module xlconcat_v2_1_4_xlconcat is either unconnected or has no load
WARNING: [Synth 8-7129] Port In99[0] in module xlconcat_v2_1_4_xlconcat is either unconnected or has no load
WARNING: [Synth 8-7129] Port In100[0] in module xlconcat_v2_1_4_xlconcat is either unconnected or has no load
WARNING: [Synth 8-7129] Port In101[0] in module xlconcat_v2_1_4_xlconcat is either unconnected or has no load
INFO: [Common 17-14] Message 'Synth 8-7129' appears 100 times and further instances of the messages will be disabled. Use the Tcl command set_msg_config to change the current settings.
---------------------------------------------------------------------------------
Finished RTL Elaboration : Time (s): cpu = 00:00:07 ; elapsed = 00:00:07 . Memory (MB): peak = 1318.820 ; gain = 25.570
---------------------------------------------------------------------------------
---------------------------------------------------------------------------------
Start Handling Custom Attributes
---------------------------------------------------------------------------------
---------------------------------------------------------------------------------
Finished Handling Custom Attributes : Time (s): cpu = 00:00:07 ; elapsed = 00:00:07 . Memory (MB): peak = 1318.820 ; gain = 25.570
---------------------------------------------------------------------------------
---------------------------------------------------------------------------------
Finished RTL Optimization Phase 1 : Time (s): cpu = 00:00:07 ; elapsed = 00:00:07 . Memory (MB): peak = 1318.820 ; gain = 25.570
---------------------------------------------------------------------------------
Netlist sorting complete. Time (s): cpu = 00:00:00 ; elapsed = 00:00:00.032 . Memory (MB): peak = 1318.820 ; gain = 0.000
INFO: [Project 1-570] Preparing netlist for logic optimization

Processing XDC Constraints
Initializing timing engine
Parsing XDC File [d:/AC701-tutorials/tutorial_3_ethernet/tutorial_3_ethernet.gen/sources_1/bd/design_2/ip/design_2_microblaze_0_0/design_2_microblaze_0_0/design_2_microblaze_0_0_in_context.xdc] for cell 'design_2_i/microblaze_0'
Finished Parsing XDC File [d:/AC701-tutorials/tutorial_3_ethernet/tutorial_3_ethernet.gen/sources_1/bd/design_2/ip/design_2_microblaze_0_0/design_2_microblaze_0_0/design_2_microblaze_0_0_in_context.xdc] for cell 'design_2_i/microblaze_0'
Parsing XDC File [d:/AC701-tutorials/tutorial_3_ethernet/tutorial_3_ethernet.gen/sources_1/bd/design_2/ip/design_2_dlmb_v10_0/design_2_dlmb_v10_0/design_1_ilmb_v10_0_in_context.xdc] for cell 'design_2_i/microblaze_0_local_memory/dlmb_v10'
Finished Parsing XDC File [d:/AC701-tutorials/tutorial_3_ethernet/tutorial_3_ethernet.gen/sources_1/bd/design_2/ip/design_2_dlmb_v10_0/design_2_dlmb_v10_0/design_1_ilmb_v10_0_in_context.xdc] for cell 'design_2_i/microblaze_0_local_memory/dlmb_v10'
Parsing XDC File [d:/AC701-tutorials/tutorial_3_ethernet/tutorial_3_ethernet.gen/sources_1/bd/design_2/ip/design_2_ilmb_v10_0/design_2_ilmb_v10_0/design_1_ilmb_v10_0_in_context.xdc] for cell 'design_2_i/microblaze_0_local_memory/ilmb_v10'
Finished Parsing XDC File [d:/AC701-tutorials/tutorial_3_ethernet/tutorial_3_ethernet.gen/sources_1/bd/design_2/ip/design_2_ilmb_v10_0/design_2_ilmb_v10_0/design_1_ilmb_v10_0_in_context.xdc] for cell 'design_2_i/microblaze_0_local_memory/ilmb_v10'
Parsing XDC File [d:/AC701-tutorials/tutorial_3_ethernet/tutorial_3_ethernet.gen/sources_1/bd/design_2/ip/design_2_dlmb_bram_if_cntlr_0/design_2_dlmb_bram_if_cntlr_0/design_2_dlmb_bram_if_cntlr_0_in_context.xdc] for cell 'design_2_i/microblaze_0_local_memory/dlmb_bram_if_cntlr'
Finished Parsing XDC File [d:/AC701-tutorials/tutorial_3_ethernet/tutorial_3_ethernet.gen/sources_1/bd/design_2/ip/design_2_dlmb_bram_if_cntlr_0/design_2_dlmb_bram_if_cntlr_0/design_2_dlmb_bram_if_cntlr_0_in_context.xdc] for cell 'design_2_i/microblaze_0_local_memory/dlmb_bram_if_cntlr'
Parsing XDC File [d:/AC701-tutorials/tutorial_3_ethernet/tutorial_3_ethernet.gen/sources_1/bd/design_2/ip/design_2_ilmb_bram_if_cntlr_0/design_2_ilmb_bram_if_cntlr_0/design_2_ilmb_bram_if_cntlr_0_in_context.xdc] for cell 'design_2_i/microblaze_0_local_memory/ilmb_bram_if_cntlr'
Finished Parsing XDC File [d:/AC701-tutorials/tutorial_3_ethernet/tutorial_3_ethernet.gen/sources_1/bd/design_2/ip/design_2_ilmb_bram_if_cntlr_0/design_2_ilmb_bram_if_cntlr_0/design_2_ilmb_bram_if_cntlr_0_in_context.xdc] for cell 'design_2_i/microblaze_0_local_memory/ilmb_bram_if_cntlr'
Parsing XDC File [d:/AC701-tutorials/tutorial_3_ethernet/tutorial_3_ethernet.gen/sources_1/bd/design_2/ip/design_2_lmb_bram_0/design_2_lmb_bram_0/design_2_lmb_bram_0_in_context.xdc] for cell 'design_2_i/microblaze_0_local_memory/lmb_bram'
Finished Parsing XDC File [d:/AC701-tutorials/tutorial_3_ethernet/tutorial_3_ethernet.gen/sources_1/bd/design_2/ip/design_2_lmb_bram_0/design_2_lmb_bram_0/design_2_lmb_bram_0_in_context.xdc] for cell 'design_2_i/microblaze_0_local_memory/lmb_bram'
Parsing XDC File [d:/AC701-tutorials/tutorial_3_ethernet/tutorial_3_ethernet.gen/sources_1/bd/design_2/ip/design_2_xbar_0/design_2_xbar_0/design_2_xbar_0_in_context.xdc] for cell 'design_2_i/microblaze_0_axi_periph/xbar'
Finished Parsing XDC File [d:/AC701-tutorials/tutorial_3_ethernet/tutorial_3_ethernet.gen/sources_1/bd/design_2/ip/design_2_xbar_0/design_2_xbar_0/design_2_xbar_0_in_context.xdc] for cell 'design_2_i/microblaze_0_axi_periph/xbar'
Parsing XDC File [d:/AC701-tutorials/tutorial_3_ethernet/tutorial_3_ethernet.gen/sources_1/bd/design_2/ip/design_2_microblaze_0_axi_intc_0/design_2_microblaze_0_axi_intc_0/design_2_microblaze_0_axi_intc_0_in_context.xdc] for cell 'design_2_i/microblaze_0_axi_intc'
Finished Parsing XDC File [d:/AC701-tutorials/tutorial_3_ethernet/tutorial_3_ethernet.gen/sources_1/bd/design_2/ip/design_2_microblaze_0_axi_intc_0/design_2_microblaze_0_axi_intc_0/design_2_microblaze_0_axi_intc_0_in_context.xdc] for cell 'design_2_i/microblaze_0_axi_intc'
Parsing XDC File [d:/AC701-tutorials/tutorial_3_ethernet/tutorial_3_ethernet.gen/sources_1/bd/design_2/ip/design_2_mdm_1_0/design_2_mdm_1_0/design_1_mdm_1_0_in_context.xdc] for cell 'design_2_i/mdm_1'
Finished Parsing XDC File [d:/AC701-tutorials/tutorial_3_ethernet/tutorial_3_ethernet.gen/sources_1/bd/design_2/ip/design_2_mdm_1_0/design_2_mdm_1_0/design_1_mdm_1_0_in_context.xdc] for cell 'design_2_i/mdm_1'
Parsing XDC File [d:/AC701-tutorials/tutorial_3_ethernet/tutorial_3_ethernet.gen/sources_1/bd/design_2/ip/design_2_clk_wiz_1_0/design_2_clk_wiz_1_0/design_2_clk_wiz_1_0_in_context.xdc] for cell 'design_2_i/clk_wiz_1'
Finished Parsing XDC File [d:/AC701-tutorials/tutorial_3_ethernet/tutorial_3_ethernet.gen/sources_1/bd/design_2/ip/design_2_clk_wiz_1_0/design_2_clk_wiz_1_0/design_2_clk_wiz_1_0_in_context.xdc] for cell 'design_2_i/clk_wiz_1'
Parsing XDC File [d:/AC701-tutorials/tutorial_3_ethernet/tutorial_3_ethernet.gen/sources_1/bd/design_2/ip/design_2_rst_clk_wiz_1_100M_0/design_2_rst_clk_wiz_1_100M_0/design_2_rst_clk_wiz_1_100M_0_in_context.xdc] for cell 'design_2_i/rst_clk_wiz_1_100M'
Finished Parsing XDC File [d:/AC701-tutorials/tutorial_3_ethernet/tutorial_3_ethernet.gen/sources_1/bd/design_2/ip/design_2_rst_clk_wiz_1_100M_0/design_2_rst_clk_wiz_1_100M_0/design_2_rst_clk_wiz_1_100M_0_in_context.xdc] for cell 'design_2_i/rst_clk_wiz_1_100M'
Parsing XDC File [d:/AC701-tutorials/tutorial_3_ethernet/tutorial_3_ethernet.gen/sources_1/bd/design_2/ip/design_2_axi_uart16550_0_0/design_2_axi_uart16550_0_0/design_2_axi_uart16550_0_0_in_context.xdc] for cell 'design_2_i/axi_uart16550_0'
Finished Parsing XDC File [d:/AC701-tutorials/tutorial_3_ethernet/tutorial_3_ethernet.gen/sources_1/bd/design_2/ip/design_2_axi_uart16550_0_0/design_2_axi_uart16550_0_0/design_2_axi_uart16550_0_0_in_context.xdc] for cell 'design_2_i/axi_uart16550_0'
Parsing XDC File [D:/AC701-tutorials/tutorial_3_ethernet/tutorial_3_ethernet.srcs/constrs_1/new/ethernet.xdc]
Finished Parsing XDC File [D:/AC701-tutorials/tutorial_3_ethernet/tutorial_3_ethernet.srcs/constrs_1/new/ethernet.xdc]
Parsing XDC File [D:/AC701-tutorials/tutorial_3_ethernet/tutorial_3_ethernet.runs/synth_1/dont_touch.xdc]
Finished Parsing XDC File [D:/AC701-tutorials/tutorial_3_ethernet/tutorial_3_ethernet.runs/synth_1/dont_touch.xdc]
Completed Processing XDC Constraints

Netlist sorting complete. Time (s): cpu = 00:00:00 ; elapsed = 00:00:00 . Memory (MB): peak = 1321.410 ; gain = 0.000
INFO: [Project 1-111] Unisim Transformation Summary:
No Unisim elements were transformed.

Constraint Validation Runtime : Time (s): cpu = 00:00:00 ; elapsed = 00:00:00.005 . Memory (MB): peak = 1321.410 ; gain = 0.000
WARNING: [Timing 38-316] Clock period '20.000' specified during out-of-context synthesis of instance 'design_2_i/microblaze_0_local_memory/lmb_bram' at clock pin 'clka' is different from the actual clock period '10.000', this can lead to different synthesis results.
---------------------------------------------------------------------------------
Finished Constraint Validation : Time (s): cpu = 00:00:14 ; elapsed = 00:00:14 . Memory (MB): peak = 1324.191 ; gain = 30.941
---------------------------------------------------------------------------------
---------------------------------------------------------------------------------
Start Loading Part and Timing Information
---------------------------------------------------------------------------------
Loading part: xc7a200tfbg676-2
---------------------------------------------------------------------------------
Finished Loading Part and Timing Information : Time (s): cpu = 00:00:14 ; elapsed = 00:00:14 . Memory (MB): peak = 1324.191 ; gain = 30.941
---------------------------------------------------------------------------------
---------------------------------------------------------------------------------
Start Applying 'set_property' XDC Constraints
---------------------------------------------------------------------------------
Applied set_property IO_BUFFER_TYPE = NONE for sys_diff_clock_clk_n. (constraint file  d:/AC701-tutorials/tutorial_3_ethernet/tutorial_3_ethernet.gen/sources_1/bd/design_2/ip/design_2_clk_wiz_1_0/design_2_clk_wiz_1_0/design_2_clk_wiz_1_0_in_context.xdc, line 3).
Applied set_property CLOCK_BUFFER_TYPE = NONE for sys_diff_clock_clk_n. (constraint file  d:/AC701-tutorials/tutorial_3_ethernet/tutorial_3_ethernet.gen/sources_1/bd/design_2/ip/design_2_clk_wiz_1_0/design_2_clk_wiz_1_0/design_2_clk_wiz_1_0_in_context.xdc, line 4).
Applied set_property IO_BUFFER_TYPE = NONE for sys_diff_clock_clk_p. (constraint file  d:/AC701-tutorials/tutorial_3_ethernet/tutorial_3_ethernet.gen/sources_1/bd/design_2/ip/design_2_clk_wiz_1_0/design_2_clk_wiz_1_0/design_2_clk_wiz_1_0_in_context.xdc, line 5).
Applied set_property CLOCK_BUFFER_TYPE = NONE for sys_diff_clock_clk_p. (constraint file  d:/AC701-tutorials/tutorial_3_ethernet/tutorial_3_ethernet.gen/sources_1/bd/design_2/ip/design_2_clk_wiz_1_0/design_2_clk_wiz_1_0/design_2_clk_wiz_1_0_in_context.xdc, line 6).
Applied set_property KEEP_HIERARCHY = SOFT for design_2_i. (constraint file  auto generated constraint).
Applied set_property KEEP_HIERARCHY = SOFT for design_2_i/microblaze_0. (constraint file  auto generated constraint).
Applied set_property KEEP_HIERARCHY = SOFT for design_2_i/microblaze_0_local_memory/dlmb_v10. (constraint file  auto generated constraint).
Applied set_property KEEP_HIERARCHY = SOFT for design_2_i/microblaze_0_local_memory/ilmb_v10. (constraint file  auto generated constraint).
Applied set_property KEEP_HIERARCHY = SOFT for design_2_i/microblaze_0_local_memory/dlmb_bram_if_cntlr. (constraint file  auto generated constraint).
Applied set_property KEEP_HIERARCHY = SOFT for design_2_i/microblaze_0_local_memory/ilmb_bram_if_cntlr. (constraint file  auto generated constraint).
Applied set_property KEEP_HIERARCHY = SOFT for design_2_i/microblaze_0_local_memory/lmb_bram. (constraint file  auto generated constraint).
Applied set_property KEEP_HIERARCHY = SOFT for design_2_i/microblaze_0_axi_periph/xbar. (constraint file  auto generated constraint).
Applied set_property KEEP_HIERARCHY = SOFT for design_2_i/microblaze_0_axi_periph. (constraint file  auto generated constraint).
Applied set_property KEEP_HIERARCHY = SOFT for design_2_i/microblaze_0_axi_intc. (constraint file  auto generated constraint).
Applied set_property KEEP_HIERARCHY = SOFT for design_2_i/microblaze_0_xlconcat. (constraint file  auto generated constraint).
Applied set_property KEEP_HIERARCHY = SOFT for design_2_i/mdm_1. (constraint file  auto generated constraint).
Applied set_property KEEP_HIERARCHY = SOFT for design_2_i/clk_wiz_1. (constraint file  auto generated constraint).
Applied set_property KEEP_HIERARCHY = SOFT for design_2_i/rst_clk_wiz_1_100M. (constraint file  auto generated constraint).
Applied set_property KEEP_HIERARCHY = SOFT for design_2_i/axi_uart16550_0. (constraint file  auto generated constraint).
---------------------------------------------------------------------------------
Finished applying 'set_property' XDC Constraints : Time (s): cpu = 00:00:14 ; elapsed = 00:00:14 . Memory (MB): peak = 1324.191 ; gain = 30.941
---------------------------------------------------------------------------------
---------------------------------------------------------------------------------
Finished RTL Optimization Phase 2 : Time (s): cpu = 00:00:14 ; elapsed = 00:00:14 . Memory (MB): peak = 1324.191 ; gain = 30.941
---------------------------------------------------------------------------------
---------------------------------------------------------------------------------
Start RTL Component Statistics 
---------------------------------------------------------------------------------
Detailed RTL Component Info : 
---------------------------------------------------------------------------------
Finished RTL Component Statistics 
---------------------------------------------------------------------------------
---------------------------------------------------------------------------------
Start Part Resource Summary
---------------------------------------------------------------------------------
Part Resources:
DSPs: 740 (col length:100)
BRAMs: 730 (col length: RAMB18 100 RAMB36 50)
---------------------------------------------------------------------------------
Finished Part Resource Summary
---------------------------------------------------------------------------------
---------------------------------------------------------------------------------
Start Cross Boundary and Area Optimization
---------------------------------------------------------------------------------
WARNING: [Synth 8-7080] Parallel synthesis criteria is not met
---------------------------------------------------------------------------------
Finished Cross Boundary and Area Optimization : Time (s): cpu = 00:00:16 ; elapsed = 00:00:16 . Memory (MB): peak = 1324.191 ; gain = 30.941
---------------------------------------------------------------------------------
---------------------------------------------------------------------------------
Start Applying XDC Timing Constraints
---------------------------------------------------------------------------------
---------------------------------------------------------------------------------
Finished Applying XDC Timing Constraints : Time (s): cpu = 00:00:21 ; elapsed = 00:00:21 . Memory (MB): peak = 1324.191 ; gain = 30.941
---------------------------------------------------------------------------------
---------------------------------------------------------------------------------
Start Timing Optimization
---------------------------------------------------------------------------------
---------------------------------------------------------------------------------
Finished Timing Optimization : Time (s): cpu = 00:00:21 ; elapsed = 00:00:21 . Memory (MB): peak = 1324.191 ; gain = 30.941
---------------------------------------------------------------------------------
---------------------------------------------------------------------------------
Start Technology Mapping
---------------------------------------------------------------------------------
---------------------------------------------------------------------------------
Finished Technology Mapping : Time (s): cpu = 00:00:21 ; elapsed = 00:00:21 . Memory (MB): peak = 1339.211 ; gain = 45.961
---------------------------------------------------------------------------------
---------------------------------------------------------------------------------
Start IO Insertion
---------------------------------------------------------------------------------
---------------------------------------------------------------------------------
Start Flattening Before IO Insertion
---------------------------------------------------------------------------------
---------------------------------------------------------------------------------
Finished Flattening Before IO Insertion
---------------------------------------------------------------------------------
---------------------------------------------------------------------------------
Start Final Netlist Cleanup
---------------------------------------------------------------------------------
---------------------------------------------------------------------------------
Finished Final Netlist Cleanup
---------------------------------------------------------------------------------
---------------------------------------------------------------------------------
Finished IO Insertion : Time (s): cpu = 00:00:25 ; elapsed = 00:00:25 . Memory (MB): peak = 1343.996 ; gain = 50.746
---------------------------------------------------------------------------------
---------------------------------------------------------------------------------
Start Renaming Generated Instances
---------------------------------------------------------------------------------
---------------------------------------------------------------------------------
Finished Renaming Generated Instances : Time (s): cpu = 00:00:25 ; elapsed = 00:00:25 . Memory (MB): peak = 1343.996 ; gain = 50.746
---------------------------------------------------------------------------------
---------------------------------------------------------------------------------
Start Rebuilding User Hierarchy
---------------------------------------------------------------------------------
---------------------------------------------------------------------------------
Finished Rebuilding User Hierarchy : Time (s): cpu = 00:00:25 ; elapsed = 00:00:25 . Memory (MB): peak = 1343.996 ; gain = 50.746
---------------------------------------------------------------------------------
---------------------------------------------------------------------------------
Start Renaming Generated Ports
---------------------------------------------------------------------------------
---------------------------------------------------------------------------------
Finished Renaming Generated Ports : Time (s): cpu = 00:00:25 ; elapsed = 00:00:25 . Memory (MB): peak = 1343.996 ; gain = 50.746
---------------------------------------------------------------------------------
---------------------------------------------------------------------------------
Start Handling Custom Attributes
---------------------------------------------------------------------------------
---------------------------------------------------------------------------------
Finished Handling Custom Attributes : Time (s): cpu = 00:00:25 ; elapsed = 00:00:25 . Memory (MB): peak = 1343.996 ; gain = 50.746
---------------------------------------------------------------------------------
---------------------------------------------------------------------------------
Start Renaming Generated Nets
---------------------------------------------------------------------------------
---------------------------------------------------------------------------------
Finished Renaming Generated Nets : Time (s): cpu = 00:00:25 ; elapsed = 00:00:25 . Memory (MB): peak = 1343.996 ; gain = 50.746
---------------------------------------------------------------------------------
---------------------------------------------------------------------------------
Start Writing Synthesis Report
---------------------------------------------------------------------------------

Report BlackBoxes: 
+------+---------------------------------+----------+
|      |BlackBox name                    |Instances |
+------+---------------------------------+----------+
|1     |design_2_xbar_0                  |         1|
|2     |design_2_axi_uart16550_0_0       |         1|
|3     |design_2_clk_wiz_1_0             |         1|
|4     |design_2_mdm_1_0                 |         1|
|5     |design_2_microblaze_0_0          |         1|
|6     |design_2_microblaze_0_axi_intc_0 |         1|
|7     |design_2_rst_clk_wiz_1_100M_0    |         1|
|8     |design_2_dlmb_bram_if_cntlr_0    |         1|
|9     |design_2_dlmb_v10_0              |         1|
|10    |design_2_ilmb_bram_if_cntlr_0    |         1|
|11    |design_2_ilmb_v10_0              |         1|
|12    |design_2_lmb_bram_0              |         1|
+------+---------------------------------+----------+

Report Cell Usage: 
+------+-------------------------------+------+
|      |Cell                           |Count |
+------+-------------------------------+------+
|1     |design_2_axi_uart16550_0       |     1|
|2     |design_2_clk_wiz_1             |     1|
|3     |design_2_dlmb_bram_if_cntlr    |     1|
|4     |design_2_dlmb_v10              |     1|
|5     |design_2_ilmb_bram_if_cntlr    |     1|
|6     |design_2_ilmb_v10              |     1|
|7     |design_2_lmb_bram              |     1|
|8     |design_2_mdm_1                 |     1|
|9     |design_2_microblaze_0          |     1|
|10    |design_2_microblaze_0_axi_intc |     1|
|11    |design_2_rst_clk_wiz_1_100M    |     1|
|12    |design_2_xbar                  |     1|
|13    |IBUF                           |     2|
|14    |OBUF                           |     1|
+------+-------------------------------+------+
---------------------------------------------------------------------------------
Finished Writing Synthesis Report : Time (s): cpu = 00:00:25 ; elapsed = 00:00:25 . Memory (MB): peak = 1343.996 ; gain = 50.746
---------------------------------------------------------------------------------
Synthesis finished with 0 errors, 0 critical warnings and 7 warnings.
Synthesis Optimization Runtime : Time (s): cpu = 00:00:16 ; elapsed = 00:00:23 . Memory (MB): peak = 1343.996 ; gain = 45.375
Synthesis Optimization Complete : Time (s): cpu = 00:00:25 ; elapsed = 00:00:25 . Memory (MB): peak = 1343.996 ; gain = 50.746
INFO: [Project 1-571] Translating synthesized netlist
Netlist sorting complete. Time (s): cpu = 00:00:00 ; elapsed = 00:00:00.023 . Memory (MB): peak = 1356.047 ; gain = 0.000
INFO: [Project 1-570] Preparing netlist for logic optimization
INFO: [Opt 31-138] Pushed 0 inverter(s) to 0 load pin(s).
Netlist sorting complete. Time (s): cpu = 00:00:00 ; elapsed = 00:00:00 . Memory (MB): peak = 1367.266 ; gain = 0.000
INFO: [Project 1-111] Unisim Transformation Summary:
No Unisim elements were transformed.

Synth Design complete, checksum: 66165b56
INFO: [Common 17-83] Releasing license: Synthesis
58 Infos, 124 Warnings, 0 Critical Warnings and 0 Errors encountered.
synth_design completed successfully
synth_design: Time (s): cpu = 00:00:29 ; elapsed = 00:00:29 . Memory (MB): peak = 1367.266 ; gain = 74.016
INFO: [Common 17-1381] The checkpoint 'D:/AC701-tutorials/tutorial_3_ethernet/tutorial_3_ethernet.runs/synth_1/design_2_wrapper.dcp' has been generated.
INFO: [runtcl-4] Executing : report_utilization -file design_2_wrapper_utilization_synth.rpt -pb design_2_wrapper_utilization_synth.pb
INFO: [Common 17-206] Exiting Vivado at Tue Aug  2 14:57:10 2022...
