TRACE::2022-08-02.18:13:38::SCWPlatform::Trying to open the hw design at D:/Vitis_workspace/design_2_wrapper/hw/design_2_wrapper.xsa
TRACE::2022-08-02.18:13:38::SCWPlatform::DSA given D:/Vitis_workspace/design_2_wrapper/hw/design_2_wrapper.xsa
TRACE::2022-08-02.18:13:38::SCWPlatform::DSA absoulate path D:/Vitis_workspace/design_2_wrapper/hw/design_2_wrapper.xsa
TRACE::2022-08-02.18:13:38::SCWPlatform::DSA directory D:/Vitis_workspace/design_2_wrapper/hw
TRACE::2022-08-02.18:13:38::SCWPlatform:: Platform Path D:/Vitis_workspace/design_2_wrapper/hw/design_2_wrapper.xsa
TRACE::2022-08-02.18:13:38::SCWPlatform:: Unique name xilinx:ac701::0.0
TRACE::2022-08-02.18:13:38::SCWPlatform::Do not have an existing db opened. 
TRACE::2022-08-02.18:13:38::SCWPlatform::Opened new HwDB with name design_2_wrapper_0
TRACE::2022-08-02.18:13:38::SCWWriter::formatted JSON is {
	"platformName":	"design_2_wrapper",
	"sprVersion":	"2.0",
	"mode":	"gui",
	"dsaType":	"Fixed",
	"platformDesc":	"design_2_wrapper",
	"platHandOff":	"D:/AC701-tutorials/tutorial_3_ethernet/design_2_wrapper.xsa",
	"platIntHandOff":	"<platformDir>/hw/design_2_wrapper.xsa",
	"deviceType":	"FPGA",
	"platIsPrebuiltAutogen":	"false",
	"platIsNoBootBsp":	"false",
	"hasFsblMakeHasChanges":	"false",
	"hasPmufwMakeHasChanges":	"false",
	"platPreBuiltFlag":	false,
	"platformSamplesDir":	""
}
TRACE::2022-08-02.18:13:38::SCWWriter::formatted JSON is {
	"platformName":	"design_2_wrapper",
	"sprVersion":	"2.0",
	"mode":	"gui",
	"dsaType":	"Fixed",
	"platformDesc":	"design_2_wrapper",
	"platHandOff":	"D:/AC701-tutorials/tutorial_3_ethernet/design_2_wrapper.xsa",
	"platIntHandOff":	"<platformDir>/hw/design_2_wrapper.xsa",
	"deviceType":	"FPGA",
	"platIsPrebuiltAutogen":	"false",
	"platIsNoBootBsp":	"false",
	"hasFsblMakeHasChanges":	"false",
	"hasPmufwMakeHasChanges":	"false",
	"platPreBuiltFlag":	false,
	"platformSamplesDir":	"",
	"platActiveSys":	"design_2_wrapper",
	"systems":	[{
			"systemName":	"design_2_wrapper",
			"systemDesc":	"design_2_wrapper",
			"sysIsBootAutoGen":	"true",
			"systemDispName":	"design_2_wrapper"
		}]
}
TRACE::2022-08-02.18:13:38::SCWPlatform::Boot application domains not present, creating them
TRACE::2022-08-02.18:13:38::SCWPlatform::Pure FPGA device, no boot application will be created.
TRACE::2022-08-02.18:13:38::SCWWriter::formatted JSON is {
	"platformName":	"design_2_wrapper",
	"sprVersion":	"2.0",
	"mode":	"gui",
	"dsaType":	"Fixed",
	"platformDesc":	"design_2_wrapper",
	"platHandOff":	"D:/AC701-tutorials/tutorial_3_ethernet/design_2_wrapper.xsa",
	"platIntHandOff":	"<platformDir>/hw/design_2_wrapper.xsa",
	"deviceType":	"FPGA",
	"platIsPrebuiltAutogen":	"false",
	"platIsNoBootBsp":	"false",
	"hasFsblMakeHasChanges":	"false",
	"hasPmufwMakeHasChanges":	"false",
	"platPreBuiltFlag":	false,
	"platformSamplesDir":	"",
	"platActiveSys":	"design_2_wrapper",
	"systems":	[{
			"systemName":	"design_2_wrapper",
			"systemDesc":	"design_2_wrapper",
			"sysIsBootAutoGen":	"true",
			"systemDispName":	"design_2_wrapper"
		}]
}
TRACE::2022-08-02.18:13:38::SCWWriter::formatted JSON is {
	"platformName":	"design_2_wrapper",
	"sprVersion":	"2.0",
	"mode":	"gui",
	"dsaType":	"Fixed",
	"platformDesc":	"design_2_wrapper",
	"platHandOff":	"D:/AC701-tutorials/tutorial_3_ethernet/design_2_wrapper.xsa",
	"platIntHandOff":	"<platformDir>/hw/design_2_wrapper.xsa",
	"deviceType":	"FPGA",
	"platIsPrebuiltAutogen":	"false",
	"platIsNoBootBsp":	"false",
	"hasFsblMakeHasChanges":	"false",
	"hasPmufwMakeHasChanges":	"false",
	"platPreBuiltFlag":	false,
	"platformSamplesDir":	"",
	"platActiveSys":	"design_2_wrapper",
	"systems":	[{
			"systemName":	"design_2_wrapper",
			"systemDesc":	"design_2_wrapper",
			"sysIsBootAutoGen":	"true",
			"systemDispName":	"design_2_wrapper"
		}]
}
TRACE::2022-08-02.18:13:38::SCWPlatform::Trying to open the hw design at D:/Vitis_workspace/design_2_wrapper/hw/design_2_wrapper.xsa
TRACE::2022-08-02.18:13:38::SCWPlatform::DSA given D:/Vitis_workspace/design_2_wrapper/hw/design_2_wrapper.xsa
TRACE::2022-08-02.18:13:38::SCWPlatform::DSA absoulate path D:/Vitis_workspace/design_2_wrapper/hw/design_2_wrapper.xsa
TRACE::2022-08-02.18:13:38::SCWPlatform::DSA directory D:/Vitis_workspace/design_2_wrapper/hw
TRACE::2022-08-02.18:13:38::SCWPlatform:: Platform Path D:/Vitis_workspace/design_2_wrapper/hw/design_2_wrapper.xsa
TRACE::2022-08-02.18:13:38::SCWPlatform:: Unique name xilinx:ac701::0.0
TRACE::2022-08-02.18:13:38::SCWPlatform::Trying to set the existing hwdb with name design_2_wrapper_0
TRACE::2022-08-02.18:13:38::SCWPlatform::Opened existing hwdb design_2_wrapper_0
TRACE::2022-08-02.18:13:38::SCWPlatform::Found the Hw Db part of the input DSA
TRACE::2022-08-02.18:13:38::SCWPlatform::Trying to open the hw design at D:/Vitis_workspace/design_2_wrapper/hw/design_2_wrapper.xsa
TRACE::2022-08-02.18:13:38::SCWPlatform::DSA given D:/Vitis_workspace/design_2_wrapper/hw/design_2_wrapper.xsa
TRACE::2022-08-02.18:13:38::SCWPlatform::DSA absoulate path D:/Vitis_workspace/design_2_wrapper/hw/design_2_wrapper.xsa
TRACE::2022-08-02.18:13:38::SCWPlatform::DSA directory D:/Vitis_workspace/design_2_wrapper/hw
TRACE::2022-08-02.18:13:38::SCWPlatform:: Platform Path D:/Vitis_workspace/design_2_wrapper/hw/design_2_wrapper.xsa
TRACE::2022-08-02.18:13:38::SCWPlatform:: Unique name xilinx:ac701::0.0
TRACE::2022-08-02.18:13:38::SCWPlatform::Trying to set the existing hwdb with name design_2_wrapper_0
TRACE::2022-08-02.18:13:38::SCWPlatform::Opened existing hwdb design_2_wrapper_0
TRACE::2022-08-02.18:13:38::SCWPlatform::Found the Hw Db part of the input DSA
TRACE::2022-08-02.18:13:38::SCWDomain::checking for install qemu data   : 
TRACE::2022-08-02.18:13:38::SCWPlatform::Trying to open the hw design at D:/Vitis_workspace/design_2_wrapper/hw/design_2_wrapper.xsa
TRACE::2022-08-02.18:13:38::SCWPlatform::DSA given D:/Vitis_workspace/design_2_wrapper/hw/design_2_wrapper.xsa
TRACE::2022-08-02.18:13:38::SCWPlatform::DSA absoulate path D:/Vitis_workspace/design_2_wrapper/hw/design_2_wrapper.xsa
TRACE::2022-08-02.18:13:38::SCWPlatform::DSA directory D:/Vitis_workspace/design_2_wrapper/hw
TRACE::2022-08-02.18:13:38::SCWPlatform:: Platform Path D:/Vitis_workspace/design_2_wrapper/hw/design_2_wrapper.xsa
TRACE::2022-08-02.18:13:38::SCWPlatform:: Unique name xilinx:ac701::0.0
TRACE::2022-08-02.18:13:38::SCWPlatform::Trying to set the existing hwdb with name design_2_wrapper_0
TRACE::2022-08-02.18:13:38::SCWPlatform::Opened existing hwdb design_2_wrapper_0
TRACE::2022-08-02.18:13:38::SCWPlatform::Found the Hw Db part of the input DSA
TRACE::2022-08-02.18:13:38::SCWPlatform::Trying to open the hw design at D:/Vitis_workspace/design_2_wrapper/hw/design_2_wrapper.xsa
TRACE::2022-08-02.18:13:38::SCWPlatform::DSA given D:/Vitis_workspace/design_2_wrapper/hw/design_2_wrapper.xsa
TRACE::2022-08-02.18:13:38::SCWPlatform::DSA absoulate path D:/Vitis_workspace/design_2_wrapper/hw/design_2_wrapper.xsa
TRACE::2022-08-02.18:13:38::SCWPlatform::DSA directory D:/Vitis_workspace/design_2_wrapper/hw
TRACE::2022-08-02.18:13:38::SCWPlatform:: Platform Path D:/Vitis_workspace/design_2_wrapper/hw/design_2_wrapper.xsa
TRACE::2022-08-02.18:13:38::SCWPlatform:: Unique name xilinx:ac701::0.0
TRACE::2022-08-02.18:13:38::SCWPlatform::Trying to set the existing hwdb with name design_2_wrapper_0
TRACE::2022-08-02.18:13:38::SCWPlatform::Opened existing hwdb design_2_wrapper_0
TRACE::2022-08-02.18:13:38::SCWPlatform::Found the Hw Db part of the input DSA
TRACE::2022-08-02.18:13:38::SCWPlatform::Trying to open the hw design at D:/Vitis_workspace/design_2_wrapper/hw/design_2_wrapper.xsa
TRACE::2022-08-02.18:13:38::SCWPlatform::DSA given D:/Vitis_workspace/design_2_wrapper/hw/design_2_wrapper.xsa
TRACE::2022-08-02.18:13:38::SCWPlatform::DSA absoulate path D:/Vitis_workspace/design_2_wrapper/hw/design_2_wrapper.xsa
TRACE::2022-08-02.18:13:38::SCWPlatform::DSA directory D:/Vitis_workspace/design_2_wrapper/hw
TRACE::2022-08-02.18:13:38::SCWPlatform:: Platform Path D:/Vitis_workspace/design_2_wrapper/hw/design_2_wrapper.xsa
TRACE::2022-08-02.18:13:38::SCWPlatform:: Unique name xilinx:ac701::0.0
TRACE::2022-08-02.18:13:38::SCWPlatform::Trying to set the existing hwdb with name design_2_wrapper_0
TRACE::2022-08-02.18:13:38::SCWPlatform::Opened existing hwdb design_2_wrapper_0
TRACE::2022-08-02.18:13:38::SCWPlatform::Found the Hw Db part of the input DSA
TRACE::2022-08-02.18:13:38::SCWMssOS::Checking the sw design at  D:/Vitis_workspace/design_2_wrapper/microblaze_0/standalone_microblaze_0/bsp/system.mss
TRACE::2022-08-02.18:13:38::SCWMssOS::DEBUG:  swdes dump  
TRACE::2022-08-02.18:13:38::SCWMssOS::No sw design opened at  D:/Vitis_workspace/design_2_wrapper/microblaze_0/standalone_microblaze_0/bsp/system.mss
TRACE::2022-08-02.18:13:38::SCWMssOS::mss does not exists at D:/Vitis_workspace/design_2_wrapper/microblaze_0/standalone_microblaze_0/bsp/system.mss
TRACE::2022-08-02.18:13:38::SCWMssOS::Creating sw design at  D:/Vitis_workspace/design_2_wrapper/microblaze_0/standalone_microblaze_0/bsp/system.mss
TRACE::2022-08-02.18:13:38::SCWMssOS::Adding the swdes entry, created swdb D:/Vitis_workspace/design_2_wrapper/microblaze_0/standalone_microblaze_0/bsp/system.mss with des name D:/Vitis_workspace/design_2_wrapper/microblaze_0/standalone_microblaze_0/bsp/system.mss
TRACE::2022-08-02.18:13:38::SCWMssOS::updating the scw layer changes to swdes at   D:/Vitis_workspace/design_2_wrapper/microblaze_0/standalone_microblaze_0/bsp/system.mss
TRACE::2022-08-02.18:13:38::SCWMssOS::Writing mss at D:/Vitis_workspace/design_2_wrapper/microblaze_0/standalone_microblaze_0/bsp/system.mss
TRACE::2022-08-02.18:13:38::SCWMssOS::Completed writing the mss file at D:/Vitis_workspace/design_2_wrapper/microblaze_0/standalone_microblaze_0/bsp
TRACE::2022-08-02.18:13:38::SCWMssOS::Picking up changes from newly written mss file into SCW Layer. 
TRACE::2022-08-02.18:13:38::SCWMssOS::Updated the changes from newly written mss file into SCW Layer. 
TRACE::2022-08-02.18:13:38::SCWMssOS::Completed writing the mss file at D:/Vitis_workspace/design_2_wrapper/microblaze_0/standalone_microblaze_0/bsp
TRACE::2022-08-02.18:13:38::SCWMssOS::Forcing BSP Sources regeneration.
TRACE::2022-08-02.18:13:41::SCWMssOS::Saving the mss changes D:/Vitis_workspace/design_2_wrapper/microblaze_0/standalone_microblaze_0/bsp/system.mss
TRACE::2022-08-02.18:13:41::SCWMssOS::Adding the swdes entry, mss present, able to open swdb D:/Vitis_workspace/design_2_wrapper/microblaze_0/standalone_microblaze_0/bsp/system.mss with des name system
TRACE::2022-08-02.18:13:41::SCWMssOS::Writing the mss file completed D:/Vitis_workspace/design_2_wrapper/microblaze_0/standalone_microblaze_0/bsp/system.mss
TRACE::2022-08-02.18:13:41::SCWMssOS::Commit changes completed.
TRACE::2022-08-02.18:13:41::SCWPlatform::Trying to open the hw design at D:/Vitis_workspace/design_2_wrapper/hw/design_2_wrapper.xsa
TRACE::2022-08-02.18:13:41::SCWPlatform::DSA given D:/Vitis_workspace/design_2_wrapper/hw/design_2_wrapper.xsa
TRACE::2022-08-02.18:13:41::SCWPlatform::DSA absoulate path D:/Vitis_workspace/design_2_wrapper/hw/design_2_wrapper.xsa
TRACE::2022-08-02.18:13:41::SCWPlatform::DSA directory D:/Vitis_workspace/design_2_wrapper/hw
TRACE::2022-08-02.18:13:41::SCWPlatform:: Platform Path D:/Vitis_workspace/design_2_wrapper/hw/design_2_wrapper.xsa
TRACE::2022-08-02.18:13:41::SCWPlatform:: Unique name xilinx:ac701::0.0
TRACE::2022-08-02.18:13:41::SCWPlatform::Trying to set the existing hwdb with name design_2_wrapper_0
TRACE::2022-08-02.18:13:41::SCWPlatform::Opened existing hwdb design_2_wrapper_0
TRACE::2022-08-02.18:13:41::SCWPlatform::Found the Hw Db part of the input DSA
TRACE::2022-08-02.18:13:41::SCWMssOS::Checking the sw design at  D:/Vitis_workspace/design_2_wrapper/microblaze_0/standalone_microblaze_0/bsp/system.mss
TRACE::2022-08-02.18:13:41::SCWMssOS::DEBUG:  swdes dump  D:/Vitis_workspace/design_2_wrapper/microblaze_0/standalone_microblaze_0/bsp/system.mss|system||

TRACE::2022-08-02.18:13:41::SCWMssOS::Sw design exists and opened at  D:/Vitis_workspace/design_2_wrapper/microblaze_0/standalone_microblaze_0/bsp/system.mss
TRACE::2022-08-02.18:13:41::SCWPlatform::Trying to open the hw design at D:/Vitis_workspace/design_2_wrapper/hw/design_2_wrapper.xsa
TRACE::2022-08-02.18:13:41::SCWPlatform::DSA given D:/Vitis_workspace/design_2_wrapper/hw/design_2_wrapper.xsa
TRACE::2022-08-02.18:13:41::SCWPlatform::DSA absoulate path D:/Vitis_workspace/design_2_wrapper/hw/design_2_wrapper.xsa
TRACE::2022-08-02.18:13:41::SCWPlatform::DSA directory D:/Vitis_workspace/design_2_wrapper/hw
TRACE::2022-08-02.18:13:41::SCWPlatform:: Platform Path D:/Vitis_workspace/design_2_wrapper/hw/design_2_wrapper.xsa
TRACE::2022-08-02.18:13:41::SCWPlatform:: Unique name xilinx:ac701::0.0
TRACE::2022-08-02.18:13:41::SCWPlatform::Trying to set the existing hwdb with name design_2_wrapper_0
TRACE::2022-08-02.18:13:41::SCWPlatform::Opened existing hwdb design_2_wrapper_0
TRACE::2022-08-02.18:13:41::SCWPlatform::Found the Hw Db part of the input DSA
TRACE::2022-08-02.18:13:41::SCWMssOS::Checking the sw design at  D:/Vitis_workspace/design_2_wrapper/microblaze_0/standalone_microblaze_0/bsp/system.mss
TRACE::2022-08-02.18:13:41::SCWMssOS::DEBUG:  swdes dump  D:/Vitis_workspace/design_2_wrapper/microblaze_0/standalone_microblaze_0/bsp/system.mss|system||

TRACE::2022-08-02.18:13:41::SCWMssOS::Sw design exists and opened at  D:/Vitis_workspace/design_2_wrapper/microblaze_0/standalone_microblaze_0/bsp/system.mss
TRACE::2022-08-02.18:13:41::SCWPlatform::Trying to open the hw design at D:/Vitis_workspace/design_2_wrapper/hw/design_2_wrapper.xsa
TRACE::2022-08-02.18:13:41::SCWPlatform::DSA given D:/Vitis_workspace/design_2_wrapper/hw/design_2_wrapper.xsa
TRACE::2022-08-02.18:13:41::SCWPlatform::DSA absoulate path D:/Vitis_workspace/design_2_wrapper/hw/design_2_wrapper.xsa
TRACE::2022-08-02.18:13:41::SCWPlatform::DSA directory D:/Vitis_workspace/design_2_wrapper/hw
TRACE::2022-08-02.18:13:41::SCWPlatform:: Platform Path D:/Vitis_workspace/design_2_wrapper/hw/design_2_wrapper.xsa
TRACE::2022-08-02.18:13:41::SCWPlatform:: Unique name xilinx:ac701::0.0
TRACE::2022-08-02.18:13:41::SCWPlatform::Trying to set the existing hwdb with name design_2_wrapper_0
TRACE::2022-08-02.18:13:41::SCWPlatform::Opened existing hwdb design_2_wrapper_0
TRACE::2022-08-02.18:13:41::SCWPlatform::Found the Hw Db part of the input DSA
TRACE::2022-08-02.18:13:41::SCWMssOS::Checking the sw design at  D:/Vitis_workspace/design_2_wrapper/microblaze_0/standalone_microblaze_0/bsp/system.mss
TRACE::2022-08-02.18:13:41::SCWMssOS::DEBUG:  swdes dump  D:/Vitis_workspace/design_2_wrapper/microblaze_0/standalone_microblaze_0/bsp/system.mss|system||

TRACE::2022-08-02.18:13:41::SCWMssOS::Sw design exists and opened at  D:/Vitis_workspace/design_2_wrapper/microblaze_0/standalone_microblaze_0/bsp/system.mss
TRACE::2022-08-02.18:13:41::SCWWriter::formatted JSON is {
	"platformName":	"design_2_wrapper",
	"sprVersion":	"2.0",
	"mode":	"gui",
	"dsaType":	"Fixed",
	"platformDesc":	"design_2_wrapper",
	"platHandOff":	"D:/AC701-tutorials/tutorial_3_ethernet/design_2_wrapper.xsa",
	"platIntHandOff":	"<platformDir>/hw/design_2_wrapper.xsa",
	"deviceType":	"FPGA",
	"platIsPrebuiltAutogen":	"false",
	"platIsNoBootBsp":	"false",
	"hasFsblMakeHasChanges":	"false",
	"hasPmufwMakeHasChanges":	"false",
	"platPreBuiltFlag":	false,
	"platformSamplesDir":	"",
	"platActiveSys":	"design_2_wrapper",
	"systems":	[{
			"systemName":	"design_2_wrapper",
			"systemDesc":	"design_2_wrapper",
			"sysIsBootAutoGen":	"true",
			"systemDispName":	"design_2_wrapper",
			"sysActiveDom":	"standalone_microblaze_0",
			"sysDefaultDom":	"standalone_microblaze_0",
			"domains":	[{
					"domainName":	"standalone_microblaze_0",
					"domainDispName":	"standalone_microblaze_0",
					"domainDesc":	"standalone_microblaze_0",
					"processors":	"microblaze_0",
					"os":	"standalone",
					"sdxOs":	"standalone",
					"debugEnable":	"False",
					"domRuntimes":	["cpp"],
					"swRepo":	"",
					"mssOsVer":	"7.7",
					"mssFile":	"",
					"md5Digest":	"3588382deef0580346db88e83b5581c2",
					"compatibleApp":	"hello_world",
					"domType":	"mssDomain",
					"arch":	"32-bit",
					"appSettings":	{
						"appCompilerFlags":	"",
						"appLinkerFlags":	""
					},
					"addedLibs":	[],
					"libOptions":	{
						"libsContainingOptions":	[]
					},
					"prebuiltLibs":	{
						"prebuiltIncPath":	[],
						"prebuiltLibPath":	[]
					},
					"isolation":	{
					}
				}]
		}]
}
LOG::2022-08-02.18:13:41::SCWPlatform::Started generating the artifacts platform design_2_wrapper
TRACE::2022-08-02.18:13:41::SCWPlatform::Sanity checking of platform is completed
LOG::2022-08-02.18:13:41::SCWPlatform::Started generating the artifacts for system configuration design_2_wrapper
LOG::2022-08-02.18:13:41::SCWSystem::Checking the domain standalone_microblaze_0
LOG::2022-08-02.18:13:41::SCWSystem::Not a boot domain 
LOG::2022-08-02.18:13:41::SCWSystem::Started Processing the domain standalone_microblaze_0
TRACE::2022-08-02.18:13:41::SCWDomain::Generating domain artifcats
TRACE::2022-08-02.18:13:41::SCWMssOS::Generating standalone artifcats
TRACE::2022-08-02.18:13:41::SCWMssOS:: Copying the user libraries. 
TRACE::2022-08-02.18:13:41::SCWPlatform::Trying to open the hw design at D:/Vitis_workspace/design_2_wrapper/hw/design_2_wrapper.xsa
TRACE::2022-08-02.18:13:41::SCWPlatform::DSA given D:/Vitis_workspace/design_2_wrapper/hw/design_2_wrapper.xsa
TRACE::2022-08-02.18:13:41::SCWPlatform::DSA absoulate path D:/Vitis_workspace/design_2_wrapper/hw/design_2_wrapper.xsa
TRACE::2022-08-02.18:13:41::SCWPlatform::DSA directory D:/Vitis_workspace/design_2_wrapper/hw
TRACE::2022-08-02.18:13:41::SCWPlatform:: Platform Path D:/Vitis_workspace/design_2_wrapper/hw/design_2_wrapper.xsa
TRACE::2022-08-02.18:13:41::SCWPlatform:: Unique name xilinx:ac701::0.0
TRACE::2022-08-02.18:13:41::SCWPlatform::Trying to set the existing hwdb with name design_2_wrapper_0
TRACE::2022-08-02.18:13:41::SCWPlatform::Opened existing hwdb design_2_wrapper_0
TRACE::2022-08-02.18:13:41::SCWPlatform::Found the Hw Db part of the input DSA
TRACE::2022-08-02.18:13:41::SCWMssOS::Checking the sw design at  D:/Vitis_workspace/design_2_wrapper/microblaze_0/standalone_microblaze_0/bsp/system.mss
TRACE::2022-08-02.18:13:41::SCWMssOS::DEBUG:  swdes dump  D:/Vitis_workspace/design_2_wrapper/microblaze_0/standalone_microblaze_0/bsp/system.mss|system||

TRACE::2022-08-02.18:13:41::SCWMssOS::Sw design exists and opened at  D:/Vitis_workspace/design_2_wrapper/microblaze_0/standalone_microblaze_0/bsp/system.mss
TRACE::2022-08-02.18:13:41::SCWMssOS::Completed writing the mss file at D:/Vitis_workspace/design_2_wrapper/microblaze_0/standalone_microblaze_0/bsp
TRACE::2022-08-02.18:13:41::SCWMssOS::Mss edits present, copying mssfile into export location D:/Vitis_workspace/design_2_wrapper/microblaze_0/standalone_microblaze_0/bsp/system.mss
TRACE::2022-08-02.18:13:41::SCWMssOS::bsp generated is upto date with the mss file. Skipping bsp generation.
TRACE::2022-08-02.18:13:41::SCWMssOS::BSP is already built. skipping the bsp build ... 
TRACE::2022-08-02.18:13:41::SCWDomain::Skipping the build for domain :  standalone_microblaze_0
TRACE::2022-08-02.18:13:41::SCWMssOS::skipping the bsp build ... 
TRACE::2022-08-02.18:13:41::SCWMssOS::Copying to export directory.
TRACE::2022-08-02.18:13:41::SCWMssOS:: Checking if to create the Supporting Applications
TRACE::2022-08-02.18:13:41::SCWMssOS:: No Linux domain exists, trying to generate FSBL 
LOG::2022-08-02.18:13:41::SCWSystem::Completed Processing the domain standalone_microblaze_0
LOG::2022-08-02.18:13:41::SCWSystem::Completed Processing the sysconfig design_2_wrapper
LOG::2022-08-02.18:13:41::SCWPlatform::Completed generating the artifacts for system configuration design_2_wrapper
TRACE::2022-08-02.18:13:41::SCWPlatform::Started preparing the platform 
TRACE::2022-08-02.18:13:41::SCWSystem::Writing the bif file for system config design_2_wrapper
TRACE::2022-08-02.18:13:41::SCWSystem::dir created 
TRACE::2022-08-02.18:13:41::SCWSystem::Writing the bif 
TRACE::2022-08-02.18:13:41::SCWPlatform::Started writing the spfm file 
TRACE::2022-08-02.18:13:41::SCWPlatform::Started writing the xpfm file 
TRACE::2022-08-02.18:13:41::SCWPlatform::Completed generating the platform
TRACE::2022-08-02.18:13:41::SCWMssOS::Saving the mss changes D:/Vitis_workspace/design_2_wrapper/microblaze_0/standalone_microblaze_0/bsp/system.mss
TRACE::2022-08-02.18:13:41::SCWMssOS::Found a swdesign opened with the mssfile.
TRACE::2022-08-02.18:13:41::SCWMssOS::Completed writemss as part of save.
TRACE::2022-08-02.18:13:41::SCWMssOS::Commit changes completed.
TRACE::2022-08-02.18:13:41::SCWPlatform::Trying to open the hw design at D:/Vitis_workspace/design_2_wrapper/hw/design_2_wrapper.xsa
TRACE::2022-08-02.18:13:41::SCWPlatform::DSA given D:/Vitis_workspace/design_2_wrapper/hw/design_2_wrapper.xsa
TRACE::2022-08-02.18:13:41::SCWPlatform::DSA absoulate path D:/Vitis_workspace/design_2_wrapper/hw/design_2_wrapper.xsa
TRACE::2022-08-02.18:13:41::SCWPlatform::DSA directory D:/Vitis_workspace/design_2_wrapper/hw
TRACE::2022-08-02.18:13:41::SCWPlatform:: Platform Path D:/Vitis_workspace/design_2_wrapper/hw/design_2_wrapper.xsa
TRACE::2022-08-02.18:13:41::SCWPlatform:: Unique name xilinx:ac701::0.0
TRACE::2022-08-02.18:13:41::SCWPlatform::Trying to set the existing hwdb with name design_2_wrapper_0
TRACE::2022-08-02.18:13:41::SCWPlatform::Opened existing hwdb design_2_wrapper_0
TRACE::2022-08-02.18:13:41::SCWPlatform::Found the Hw Db part of the input DSA
TRACE::2022-08-02.18:13:41::SCWMssOS::Checking the sw design at  D:/Vitis_workspace/design_2_wrapper/microblaze_0/standalone_microblaze_0/bsp/system.mss
TRACE::2022-08-02.18:13:41::SCWMssOS::DEBUG:  swdes dump  D:/Vitis_workspace/design_2_wrapper/microblaze_0/standalone_microblaze_0/bsp/system.mss|system||

TRACE::2022-08-02.18:13:41::SCWMssOS::Sw design exists and opened at  D:/Vitis_workspace/design_2_wrapper/microblaze_0/standalone_microblaze_0/bsp/system.mss
TRACE::2022-08-02.18:13:41::SCWPlatform::Trying to open the hw design at D:/Vitis_workspace/design_2_wrapper/hw/design_2_wrapper.xsa
TRACE::2022-08-02.18:13:41::SCWPlatform::DSA given D:/Vitis_workspace/design_2_wrapper/hw/design_2_wrapper.xsa
TRACE::2022-08-02.18:13:41::SCWPlatform::DSA absoulate path D:/Vitis_workspace/design_2_wrapper/hw/design_2_wrapper.xsa
TRACE::2022-08-02.18:13:41::SCWPlatform::DSA directory D:/Vitis_workspace/design_2_wrapper/hw
TRACE::2022-08-02.18:13:41::SCWPlatform:: Platform Path D:/Vitis_workspace/design_2_wrapper/hw/design_2_wrapper.xsa
TRACE::2022-08-02.18:13:41::SCWPlatform:: Unique name xilinx:ac701::0.0
TRACE::2022-08-02.18:13:41::SCWPlatform::Trying to set the existing hwdb with name design_2_wrapper_0
TRACE::2022-08-02.18:13:41::SCWPlatform::Opened existing hwdb design_2_wrapper_0
TRACE::2022-08-02.18:13:41::SCWPlatform::Found the Hw Db part of the input DSA
TRACE::2022-08-02.18:13:41::SCWMssOS::Checking the sw design at  D:/Vitis_workspace/design_2_wrapper/microblaze_0/standalone_microblaze_0/bsp/system.mss
TRACE::2022-08-02.18:13:41::SCWMssOS::DEBUG:  swdes dump  D:/Vitis_workspace/design_2_wrapper/microblaze_0/standalone_microblaze_0/bsp/system.mss|system||

TRACE::2022-08-02.18:13:41::SCWMssOS::Sw design exists and opened at  D:/Vitis_workspace/design_2_wrapper/microblaze_0/standalone_microblaze_0/bsp/system.mss
TRACE::2022-08-02.18:13:41::SCWPlatform::Trying to open the hw design at D:/Vitis_workspace/design_2_wrapper/hw/design_2_wrapper.xsa
TRACE::2022-08-02.18:13:41::SCWPlatform::DSA given D:/Vitis_workspace/design_2_wrapper/hw/design_2_wrapper.xsa
TRACE::2022-08-02.18:13:41::SCWPlatform::DSA absoulate path D:/Vitis_workspace/design_2_wrapper/hw/design_2_wrapper.xsa
TRACE::2022-08-02.18:13:41::SCWPlatform::DSA directory D:/Vitis_workspace/design_2_wrapper/hw
TRACE::2022-08-02.18:13:41::SCWPlatform:: Platform Path D:/Vitis_workspace/design_2_wrapper/hw/design_2_wrapper.xsa
TRACE::2022-08-02.18:13:41::SCWPlatform:: Unique name xilinx:ac701::0.0
TRACE::2022-08-02.18:13:41::SCWPlatform::Trying to set the existing hwdb with name design_2_wrapper_0
TRACE::2022-08-02.18:13:41::SCWPlatform::Opened existing hwdb design_2_wrapper_0
TRACE::2022-08-02.18:13:41::SCWPlatform::Found the Hw Db part of the input DSA
TRACE::2022-08-02.18:13:41::SCWMssOS::Checking the sw design at  D:/Vitis_workspace/design_2_wrapper/microblaze_0/standalone_microblaze_0/bsp/system.mss
TRACE::2022-08-02.18:13:41::SCWMssOS::DEBUG:  swdes dump  D:/Vitis_workspace/design_2_wrapper/microblaze_0/standalone_microblaze_0/bsp/system.mss|system||

TRACE::2022-08-02.18:13:41::SCWMssOS::Sw design exists and opened at  D:/Vitis_workspace/design_2_wrapper/microblaze_0/standalone_microblaze_0/bsp/system.mss
TRACE::2022-08-02.18:13:41::SCWWriter::formatted JSON is {
	"platformName":	"design_2_wrapper",
	"sprVersion":	"2.0",
	"mode":	"gui",
	"dsaType":	"Fixed",
	"platformDesc":	"design_2_wrapper",
	"platHandOff":	"D:/AC701-tutorials/tutorial_3_ethernet/design_2_wrapper.xsa",
	"platIntHandOff":	"<platformDir>/hw/design_2_wrapper.xsa",
	"deviceType":	"FPGA",
	"platIsPrebuiltAutogen":	"false",
	"platIsNoBootBsp":	"false",
	"hasFsblMakeHasChanges":	"false",
	"hasPmufwMakeHasChanges":	"false",
	"platPreBuiltFlag":	false,
	"platformSamplesDir":	"",
	"platActiveSys":	"design_2_wrapper",
	"systems":	[{
			"systemName":	"design_2_wrapper",
			"systemDesc":	"design_2_wrapper",
			"sysIsBootAutoGen":	"true",
			"systemDispName":	"design_2_wrapper",
			"sysActiveDom":	"standalone_microblaze_0",
			"sysDefaultDom":	"standalone_microblaze_0",
			"domains":	[{
					"domainName":	"standalone_microblaze_0",
					"domainDispName":	"standalone_microblaze_0",
					"domainDesc":	"standalone_microblaze_0",
					"processors":	"microblaze_0",
					"os":	"standalone",
					"sdxOs":	"standalone",
					"debugEnable":	"False",
					"domRuntimes":	["cpp"],
					"swRepo":	"",
					"mssOsVer":	"7.7",
					"mssFile":	"",
					"md5Digest":	"3588382deef0580346db88e83b5581c2",
					"compatibleApp":	"hello_world",
					"domType":	"mssDomain",
					"arch":	"32-bit",
					"appSettings":	{
						"appCompilerFlags":	"",
						"appLinkerFlags":	""
					},
					"addedLibs":	[],
					"libOptions":	{
						"libsContainingOptions":	[]
					},
					"prebuiltLibs":	{
						"prebuiltIncPath":	[],
						"prebuiltLibPath":	[]
					},
					"isolation":	{
					}
				}]
		}]
}
KEYINFO::2022-08-02.18:13:41::SCWPlatform::updated the xpfm file.
TRACE::2022-08-02.18:13:41::SCWPlatform::Trying to open the hw design at D:/Vitis_workspace/design_2_wrapper/hw/design_2_wrapper.xsa
TRACE::2022-08-02.18:13:41::SCWPlatform::DSA given D:/Vitis_workspace/design_2_wrapper/hw/design_2_wrapper.xsa
TRACE::2022-08-02.18:13:41::SCWPlatform::DSA absoulate path D:/Vitis_workspace/design_2_wrapper/hw/design_2_wrapper.xsa
TRACE::2022-08-02.18:13:41::SCWPlatform::DSA directory D:/Vitis_workspace/design_2_wrapper/hw
TRACE::2022-08-02.18:13:41::SCWPlatform:: Platform Path D:/Vitis_workspace/design_2_wrapper/hw/design_2_wrapper.xsa
TRACE::2022-08-02.18:13:41::SCWPlatform:: Unique name xilinx:ac701::0.0
TRACE::2022-08-02.18:13:41::SCWPlatform::Trying to set the existing hwdb with name design_2_wrapper_0
TRACE::2022-08-02.18:13:41::SCWPlatform::Opened existing hwdb design_2_wrapper_0
TRACE::2022-08-02.18:13:41::SCWPlatform::Found the Hw Db part of the input DSA
TRACE::2022-08-02.18:13:41::SCWMssOS::Checking the sw design at  D:/Vitis_workspace/design_2_wrapper/microblaze_0/standalone_microblaze_0/bsp/system.mss
TRACE::2022-08-02.18:13:41::SCWMssOS::DEBUG:  swdes dump  D:/Vitis_workspace/design_2_wrapper/microblaze_0/standalone_microblaze_0/bsp/system.mss|system||

TRACE::2022-08-02.18:13:41::SCWMssOS::Sw design exists and opened at  D:/Vitis_workspace/design_2_wrapper/microblaze_0/standalone_microblaze_0/bsp/system.mss
TRACE::2022-08-02.18:13:41::SCWMssOS::Saving the mss changes D:/Vitis_workspace/design_2_wrapper/microblaze_0/standalone_microblaze_0/bsp/system.mss
TRACE::2022-08-02.18:13:41::SCWMssOS::Found a swdesign opened with the mssfile.
TRACE::2022-08-02.18:13:41::SCWMssOS::Completed writemss as part of save.
TRACE::2022-08-02.18:13:41::SCWMssOS::Commit changes completed.
TRACE::2022-08-02.18:13:41::SCWPlatform::Trying to open the hw design at D:/Vitis_workspace/design_2_wrapper/hw/design_2_wrapper.xsa
TRACE::2022-08-02.18:13:41::SCWPlatform::DSA given D:/Vitis_workspace/design_2_wrapper/hw/design_2_wrapper.xsa
TRACE::2022-08-02.18:13:41::SCWPlatform::DSA absoulate path D:/Vitis_workspace/design_2_wrapper/hw/design_2_wrapper.xsa
TRACE::2022-08-02.18:13:41::SCWPlatform::DSA directory D:/Vitis_workspace/design_2_wrapper/hw
TRACE::2022-08-02.18:13:41::SCWPlatform:: Platform Path D:/Vitis_workspace/design_2_wrapper/hw/design_2_wrapper.xsa
TRACE::2022-08-02.18:13:41::SCWPlatform:: Unique name xilinx:ac701::0.0
TRACE::2022-08-02.18:13:41::SCWPlatform::Trying to set the existing hwdb with name design_2_wrapper_0
TRACE::2022-08-02.18:13:41::SCWPlatform::Opened existing hwdb design_2_wrapper_0
TRACE::2022-08-02.18:13:41::SCWPlatform::Found the Hw Db part of the input DSA
TRACE::2022-08-02.18:13:41::SCWMssOS::Checking the sw design at  D:/Vitis_workspace/design_2_wrapper/microblaze_0/standalone_microblaze_0/bsp/system.mss
TRACE::2022-08-02.18:13:41::SCWMssOS::DEBUG:  swdes dump  D:/Vitis_workspace/design_2_wrapper/microblaze_0/standalone_microblaze_0/bsp/system.mss|system||

TRACE::2022-08-02.18:13:41::SCWMssOS::Sw design exists and opened at  D:/Vitis_workspace/design_2_wrapper/microblaze_0/standalone_microblaze_0/bsp/system.mss
TRACE::2022-08-02.18:13:41::SCWPlatform::Trying to open the hw design at D:/Vitis_workspace/design_2_wrapper/hw/design_2_wrapper.xsa
TRACE::2022-08-02.18:13:41::SCWPlatform::DSA given D:/Vitis_workspace/design_2_wrapper/hw/design_2_wrapper.xsa
TRACE::2022-08-02.18:13:41::SCWPlatform::DSA absoulate path D:/Vitis_workspace/design_2_wrapper/hw/design_2_wrapper.xsa
TRACE::2022-08-02.18:13:41::SCWPlatform::DSA directory D:/Vitis_workspace/design_2_wrapper/hw
TRACE::2022-08-02.18:13:41::SCWPlatform:: Platform Path D:/Vitis_workspace/design_2_wrapper/hw/design_2_wrapper.xsa
TRACE::2022-08-02.18:13:41::SCWPlatform:: Unique name xilinx:ac701::0.0
TRACE::2022-08-02.18:13:41::SCWPlatform::Trying to set the existing hwdb with name design_2_wrapper_0
TRACE::2022-08-02.18:13:41::SCWPlatform::Opened existing hwdb design_2_wrapper_0
TRACE::2022-08-02.18:13:41::SCWPlatform::Found the Hw Db part of the input DSA
TRACE::2022-08-02.18:13:41::SCWMssOS::Checking the sw design at  D:/Vitis_workspace/design_2_wrapper/microblaze_0/standalone_microblaze_0/bsp/system.mss
TRACE::2022-08-02.18:13:41::SCWMssOS::DEBUG:  swdes dump  D:/Vitis_workspace/design_2_wrapper/microblaze_0/standalone_microblaze_0/bsp/system.mss|system||

TRACE::2022-08-02.18:13:41::SCWMssOS::Sw design exists and opened at  D:/Vitis_workspace/design_2_wrapper/microblaze_0/standalone_microblaze_0/bsp/system.mss
TRACE::2022-08-02.18:13:41::SCWPlatform::Trying to open the hw design at D:/Vitis_workspace/design_2_wrapper/hw/design_2_wrapper.xsa
TRACE::2022-08-02.18:13:41::SCWPlatform::DSA given D:/Vitis_workspace/design_2_wrapper/hw/design_2_wrapper.xsa
TRACE::2022-08-02.18:13:41::SCWPlatform::DSA absoulate path D:/Vitis_workspace/design_2_wrapper/hw/design_2_wrapper.xsa
TRACE::2022-08-02.18:13:41::SCWPlatform::DSA directory D:/Vitis_workspace/design_2_wrapper/hw
TRACE::2022-08-02.18:13:41::SCWPlatform:: Platform Path D:/Vitis_workspace/design_2_wrapper/hw/design_2_wrapper.xsa
TRACE::2022-08-02.18:13:41::SCWPlatform:: Unique name xilinx:ac701::0.0
TRACE::2022-08-02.18:13:41::SCWPlatform::Trying to set the existing hwdb with name design_2_wrapper_0
TRACE::2022-08-02.18:13:41::SCWPlatform::Opened existing hwdb design_2_wrapper_0
TRACE::2022-08-02.18:13:41::SCWPlatform::Found the Hw Db part of the input DSA
TRACE::2022-08-02.18:13:41::SCWMssOS::Checking the sw design at  D:/Vitis_workspace/design_2_wrapper/microblaze_0/standalone_microblaze_0/bsp/system.mss
TRACE::2022-08-02.18:13:41::SCWMssOS::DEBUG:  swdes dump  D:/Vitis_workspace/design_2_wrapper/microblaze_0/standalone_microblaze_0/bsp/system.mss|system||

TRACE::2022-08-02.18:13:41::SCWMssOS::Sw design exists and opened at  D:/Vitis_workspace/design_2_wrapper/microblaze_0/standalone_microblaze_0/bsp/system.mss
TRACE::2022-08-02.18:13:41::SCWWriter::formatted JSON is {
	"platformName":	"design_2_wrapper",
	"sprVersion":	"2.0",
	"mode":	"gui",
	"dsaType":	"Fixed",
	"platformDesc":	"design_2_wrapper",
	"platHandOff":	"D:/AC701-tutorials/tutorial_3_ethernet/design_2_wrapper.xsa",
	"platIntHandOff":	"<platformDir>/hw/design_2_wrapper.xsa",
	"deviceType":	"FPGA",
	"platIsPrebuiltAutogen":	"false",
	"platIsNoBootBsp":	"false",
	"hasFsblMakeHasChanges":	"false",
	"hasPmufwMakeHasChanges":	"false",
	"platPreBuiltFlag":	false,
	"platformSamplesDir":	"",
	"platActiveSys":	"design_2_wrapper",
	"systems":	[{
			"systemName":	"design_2_wrapper",
			"systemDesc":	"design_2_wrapper",
			"sysIsBootAutoGen":	"true",
			"systemDispName":	"design_2_wrapper",
			"sysActiveDom":	"standalone_microblaze_0",
			"sysDefaultDom":	"standalone_microblaze_0",
			"domains":	[{
					"domainName":	"standalone_microblaze_0",
					"domainDispName":	"standalone_microblaze_0",
					"domainDesc":	"standalone_microblaze_0",
					"processors":	"microblaze_0",
					"os":	"standalone",
					"sdxOs":	"standalone",
					"debugEnable":	"False",
					"domRuntimes":	["cpp"],
					"swRepo":	"",
					"mssOsVer":	"7.7",
					"mssFile":	"",
					"md5Digest":	"3588382deef0580346db88e83b5581c2",
					"compatibleApp":	"hello_world",
					"domType":	"mssDomain",
					"arch":	"32-bit",
					"appSettings":	{
						"appCompilerFlags":	"",
						"appLinkerFlags":	""
					},
					"addedLibs":	[],
					"libOptions":	{
						"libsContainingOptions":	[]
					},
					"prebuiltLibs":	{
						"prebuiltIncPath":	[],
						"prebuiltLibPath":	[]
					},
					"isolation":	{
					}
				}]
		}]
}
TRACE::2022-08-02.18:13:41::SCWPlatform::Trying to open the hw design at D:/Vitis_workspace/design_2_wrapper/hw/design_2_wrapper.xsa
TRACE::2022-08-02.18:13:41::SCWPlatform::DSA given D:/Vitis_workspace/design_2_wrapper/hw/design_2_wrapper.xsa
TRACE::2022-08-02.18:13:41::SCWPlatform::DSA absoulate path D:/Vitis_workspace/design_2_wrapper/hw/design_2_wrapper.xsa
TRACE::2022-08-02.18:13:41::SCWPlatform::DSA directory D:/Vitis_workspace/design_2_wrapper/hw
TRACE::2022-08-02.18:13:41::SCWPlatform:: Platform Path D:/Vitis_workspace/design_2_wrapper/hw/design_2_wrapper.xsa
TRACE::2022-08-02.18:13:41::SCWPlatform:: Unique name xilinx:ac701::0.0
TRACE::2022-08-02.18:13:41::SCWPlatform::Trying to set the existing hwdb with name design_2_wrapper_0
TRACE::2022-08-02.18:13:41::SCWPlatform::Opened existing hwdb design_2_wrapper_0
TRACE::2022-08-02.18:13:41::SCWPlatform::Found the Hw Db part of the input DSA
TRACE::2022-08-02.18:13:41::SCWMssOS::Checking the sw design at  D:/Vitis_workspace/design_2_wrapper/microblaze_0/standalone_microblaze_0/bsp/system.mss
TRACE::2022-08-02.18:13:41::SCWMssOS::DEBUG:  swdes dump  D:/Vitis_workspace/design_2_wrapper/microblaze_0/standalone_microblaze_0/bsp/system.mss|system||

TRACE::2022-08-02.18:13:41::SCWMssOS::Sw design exists and opened at  D:/Vitis_workspace/design_2_wrapper/microblaze_0/standalone_microblaze_0/bsp/system.mss
TRACE::2022-08-02.18:13:41::SCWPlatform::Trying to open the hw design at D:/Vitis_workspace/design_2_wrapper/hw/design_2_wrapper.xsa
TRACE::2022-08-02.18:13:41::SCWPlatform::DSA given D:/Vitis_workspace/design_2_wrapper/hw/design_2_wrapper.xsa
TRACE::2022-08-02.18:13:41::SCWPlatform::DSA absoulate path D:/Vitis_workspace/design_2_wrapper/hw/design_2_wrapper.xsa
TRACE::2022-08-02.18:13:41::SCWPlatform::DSA directory D:/Vitis_workspace/design_2_wrapper/hw
TRACE::2022-08-02.18:13:41::SCWPlatform:: Platform Path D:/Vitis_workspace/design_2_wrapper/hw/design_2_wrapper.xsa
TRACE::2022-08-02.18:13:41::SCWPlatform:: Unique name xilinx:ac701::0.0
TRACE::2022-08-02.18:13:41::SCWPlatform::Trying to set the existing hwdb with name design_2_wrapper_0
TRACE::2022-08-02.18:13:41::SCWPlatform::Opened existing hwdb design_2_wrapper_0
TRACE::2022-08-02.18:13:41::SCWPlatform::Found the Hw Db part of the input DSA
TRACE::2022-08-02.18:13:41::SCWMssOS::Checking the sw design at  D:/Vitis_workspace/design_2_wrapper/microblaze_0/standalone_microblaze_0/bsp/system.mss
TRACE::2022-08-02.18:13:41::SCWMssOS::DEBUG:  swdes dump  D:/Vitis_workspace/design_2_wrapper/microblaze_0/standalone_microblaze_0/bsp/system.mss|system||

TRACE::2022-08-02.18:13:41::SCWMssOS::Sw design exists and opened at  D:/Vitis_workspace/design_2_wrapper/microblaze_0/standalone_microblaze_0/bsp/system.mss
TRACE::2022-08-02.18:13:41::SCWMssOS::Saving the mss changes D:/Vitis_workspace/design_2_wrapper/microblaze_0/standalone_microblaze_0/bsp/system.mss
TRACE::2022-08-02.18:13:41::SCWMssOS::Found a swdesign opened with the mssfile.
TRACE::2022-08-02.18:13:41::SCWMssOS::Completed writemss as part of save.
TRACE::2022-08-02.18:13:41::SCWMssOS::Commit changes completed.
TRACE::2022-08-02.18:13:41::SCWPlatform::Trying to open the hw design at D:/Vitis_workspace/design_2_wrapper/hw/design_2_wrapper.xsa
TRACE::2022-08-02.18:13:41::SCWPlatform::DSA given D:/Vitis_workspace/design_2_wrapper/hw/design_2_wrapper.xsa
TRACE::2022-08-02.18:13:41::SCWPlatform::DSA absoulate path D:/Vitis_workspace/design_2_wrapper/hw/design_2_wrapper.xsa
TRACE::2022-08-02.18:13:41::SCWPlatform::DSA directory D:/Vitis_workspace/design_2_wrapper/hw
TRACE::2022-08-02.18:13:41::SCWPlatform:: Platform Path D:/Vitis_workspace/design_2_wrapper/hw/design_2_wrapper.xsa
TRACE::2022-08-02.18:13:41::SCWPlatform:: Unique name xilinx:ac701::0.0
TRACE::2022-08-02.18:13:41::SCWPlatform::Trying to set the existing hwdb with name design_2_wrapper_0
TRACE::2022-08-02.18:13:41::SCWPlatform::Opened existing hwdb design_2_wrapper_0
TRACE::2022-08-02.18:13:41::SCWPlatform::Found the Hw Db part of the input DSA
TRACE::2022-08-02.18:13:41::SCWMssOS::Checking the sw design at  D:/Vitis_workspace/design_2_wrapper/microblaze_0/standalone_microblaze_0/bsp/system.mss
TRACE::2022-08-02.18:13:41::SCWMssOS::DEBUG:  swdes dump  D:/Vitis_workspace/design_2_wrapper/microblaze_0/standalone_microblaze_0/bsp/system.mss|system||

TRACE::2022-08-02.18:13:41::SCWMssOS::Sw design exists and opened at  D:/Vitis_workspace/design_2_wrapper/microblaze_0/standalone_microblaze_0/bsp/system.mss
TRACE::2022-08-02.18:13:41::SCWPlatform::Trying to open the hw design at D:/Vitis_workspace/design_2_wrapper/hw/design_2_wrapper.xsa
TRACE::2022-08-02.18:13:41::SCWPlatform::DSA given D:/Vitis_workspace/design_2_wrapper/hw/design_2_wrapper.xsa
TRACE::2022-08-02.18:13:41::SCWPlatform::DSA absoulate path D:/Vitis_workspace/design_2_wrapper/hw/design_2_wrapper.xsa
TRACE::2022-08-02.18:13:41::SCWPlatform::DSA directory D:/Vitis_workspace/design_2_wrapper/hw
TRACE::2022-08-02.18:13:41::SCWPlatform:: Platform Path D:/Vitis_workspace/design_2_wrapper/hw/design_2_wrapper.xsa
TRACE::2022-08-02.18:13:41::SCWPlatform:: Unique name xilinx:ac701::0.0
TRACE::2022-08-02.18:13:41::SCWPlatform::Trying to set the existing hwdb with name design_2_wrapper_0
TRACE::2022-08-02.18:13:41::SCWPlatform::Opened existing hwdb design_2_wrapper_0
TRACE::2022-08-02.18:13:41::SCWPlatform::Found the Hw Db part of the input DSA
TRACE::2022-08-02.18:13:41::SCWMssOS::Checking the sw design at  D:/Vitis_workspace/design_2_wrapper/microblaze_0/standalone_microblaze_0/bsp/system.mss
TRACE::2022-08-02.18:13:41::SCWMssOS::DEBUG:  swdes dump  D:/Vitis_workspace/design_2_wrapper/microblaze_0/standalone_microblaze_0/bsp/system.mss|system||

TRACE::2022-08-02.18:13:41::SCWMssOS::Sw design exists and opened at  D:/Vitis_workspace/design_2_wrapper/microblaze_0/standalone_microblaze_0/bsp/system.mss
TRACE::2022-08-02.18:13:41::SCWPlatform::Trying to open the hw design at D:/Vitis_workspace/design_2_wrapper/hw/design_2_wrapper.xsa
TRACE::2022-08-02.18:13:41::SCWPlatform::DSA given D:/Vitis_workspace/design_2_wrapper/hw/design_2_wrapper.xsa
TRACE::2022-08-02.18:13:41::SCWPlatform::DSA absoulate path D:/Vitis_workspace/design_2_wrapper/hw/design_2_wrapper.xsa
TRACE::2022-08-02.18:13:41::SCWPlatform::DSA directory D:/Vitis_workspace/design_2_wrapper/hw
TRACE::2022-08-02.18:13:41::SCWPlatform:: Platform Path D:/Vitis_workspace/design_2_wrapper/hw/design_2_wrapper.xsa
TRACE::2022-08-02.18:13:41::SCWPlatform:: Unique name xilinx:ac701::0.0
TRACE::2022-08-02.18:13:41::SCWPlatform::Trying to set the existing hwdb with name design_2_wrapper_0
TRACE::2022-08-02.18:13:41::SCWPlatform::Opened existing hwdb design_2_wrapper_0
TRACE::2022-08-02.18:13:41::SCWPlatform::Found the Hw Db part of the input DSA
TRACE::2022-08-02.18:13:41::SCWMssOS::Checking the sw design at  D:/Vitis_workspace/design_2_wrapper/microblaze_0/standalone_microblaze_0/bsp/system.mss
TRACE::2022-08-02.18:13:41::SCWMssOS::DEBUG:  swdes dump  D:/Vitis_workspace/design_2_wrapper/microblaze_0/standalone_microblaze_0/bsp/system.mss|system||

TRACE::2022-08-02.18:13:41::SCWMssOS::Sw design exists and opened at  D:/Vitis_workspace/design_2_wrapper/microblaze_0/standalone_microblaze_0/bsp/system.mss
TRACE::2022-08-02.18:13:41::SCWWriter::formatted JSON is {
	"platformName":	"design_2_wrapper",
	"sprVersion":	"2.0",
	"mode":	"gui",
	"dsaType":	"Fixed",
	"platformDesc":	"design_2_wrapper",
	"platHandOff":	"D:/AC701-tutorials/tutorial_3_ethernet/design_2_wrapper.xsa",
	"platIntHandOff":	"<platformDir>/hw/design_2_wrapper.xsa",
	"deviceType":	"FPGA",
	"platIsPrebuiltAutogen":	"false",
	"platIsNoBootBsp":	"false",
	"hasFsblMakeHasChanges":	"false",
	"hasPmufwMakeHasChanges":	"false",
	"platPreBuiltFlag":	false,
	"platformSamplesDir":	"",
	"platActiveSys":	"design_2_wrapper",
	"systems":	[{
			"systemName":	"design_2_wrapper",
			"systemDesc":	"design_2_wrapper",
			"sysIsBootAutoGen":	"true",
			"systemDispName":	"design_2_wrapper",
			"sysActiveDom":	"standalone_microblaze_0",
			"sysDefaultDom":	"standalone_microblaze_0",
			"domains":	[{
					"domainName":	"standalone_microblaze_0",
					"domainDispName":	"standalone_microblaze_0",
					"domainDesc":	"standalone_microblaze_0",
					"processors":	"microblaze_0",
					"os":	"standalone",
					"sdxOs":	"standalone",
					"debugEnable":	"False",
					"domRuntimes":	["cpp"],
					"swRepo":	"",
					"mssOsVer":	"7.7",
					"mssFile":	"",
					"md5Digest":	"3588382deef0580346db88e83b5581c2",
					"compatibleApp":	"hello_world",
					"domType":	"mssDomain",
					"arch":	"32-bit",
					"appSettings":	{
						"appCompilerFlags":	"",
						"appLinkerFlags":	""
					},
					"addedLibs":	[],
					"libOptions":	{
						"libsContainingOptions":	[]
					},
					"prebuiltLibs":	{
						"prebuiltIncPath":	[],
						"prebuiltLibPath":	[]
					},
					"isolation":	{
					}
				}]
		}]
}
LOG::2022-08-02.18:13:41::SCWPlatform::Started generating the artifacts platform design_2_wrapper
TRACE::2022-08-02.18:13:41::SCWPlatform::Sanity checking of platform is completed
LOG::2022-08-02.18:13:41::SCWPlatform::Started generating the artifacts for system configuration design_2_wrapper
LOG::2022-08-02.18:13:41::SCWSystem::Started Processing the domain standalone_microblaze_0
TRACE::2022-08-02.18:13:41::SCWDomain::Generating domain artifcats
TRACE::2022-08-02.18:13:41::SCWMssOS::Generating standalone artifcats
TRACE::2022-08-02.18:13:41::SCWMssOS:: Copying the user libraries. 
TRACE::2022-08-02.18:13:41::SCWPlatform::Trying to open the hw design at D:/Vitis_workspace/design_2_wrapper/hw/design_2_wrapper.xsa
TRACE::2022-08-02.18:13:41::SCWPlatform::DSA given D:/Vitis_workspace/design_2_wrapper/hw/design_2_wrapper.xsa
TRACE::2022-08-02.18:13:41::SCWPlatform::DSA absoulate path D:/Vitis_workspace/design_2_wrapper/hw/design_2_wrapper.xsa
TRACE::2022-08-02.18:13:41::SCWPlatform::DSA directory D:/Vitis_workspace/design_2_wrapper/hw
TRACE::2022-08-02.18:13:41::SCWPlatform:: Platform Path D:/Vitis_workspace/design_2_wrapper/hw/design_2_wrapper.xsa
TRACE::2022-08-02.18:13:41::SCWPlatform:: Unique name xilinx:ac701::0.0
TRACE::2022-08-02.18:13:41::SCWPlatform::Trying to set the existing hwdb with name design_2_wrapper_0
TRACE::2022-08-02.18:13:41::SCWPlatform::Opened existing hwdb design_2_wrapper_0
TRACE::2022-08-02.18:13:41::SCWPlatform::Found the Hw Db part of the input DSA
TRACE::2022-08-02.18:13:41::SCWMssOS::Checking the sw design at  D:/Vitis_workspace/design_2_wrapper/microblaze_0/standalone_microblaze_0/bsp/system.mss
TRACE::2022-08-02.18:13:41::SCWMssOS::DEBUG:  swdes dump  D:/Vitis_workspace/design_2_wrapper/microblaze_0/standalone_microblaze_0/bsp/system.mss|system||

TRACE::2022-08-02.18:13:41::SCWMssOS::Sw design exists and opened at  D:/Vitis_workspace/design_2_wrapper/microblaze_0/standalone_microblaze_0/bsp/system.mss
TRACE::2022-08-02.18:13:41::SCWMssOS::Completed writing the mss file at D:/Vitis_workspace/design_2_wrapper/microblaze_0/standalone_microblaze_0/bsp
TRACE::2022-08-02.18:13:41::SCWMssOS::Mss edits present, copying mssfile into export location D:/Vitis_workspace/design_2_wrapper/microblaze_0/standalone_microblaze_0/bsp/system.mss
TRACE::2022-08-02.18:13:41::SCWMssOS::bsp generated is upto date with the mss file. Skipping bsp generation.
TRACE::2022-08-02.18:13:41::SCWMssOS::BSP is already built. skipping the bsp build ... 
TRACE::2022-08-02.18:13:41::SCWDomain::Building the domain as part of full build :  standalone_microblaze_0
TRACE::2022-08-02.18:13:41::SCWMssOS::skipping the bsp build ... 
TRACE::2022-08-02.18:13:41::SCWMssOS::Copying to export directory.
TRACE::2022-08-02.18:13:41::SCWMssOS:: Checking if to create the Supporting Applications
TRACE::2022-08-02.18:13:41::SCWMssOS:: No Linux domain exists, trying to generate FSBL 
LOG::2022-08-02.18:13:41::SCWSystem::Completed Processing the domain standalone_microblaze_0
LOG::2022-08-02.18:13:41::SCWSystem::Completed Processing the sysconfig design_2_wrapper
LOG::2022-08-02.18:13:41::SCWPlatform::Completed generating the artifacts for system configuration design_2_wrapper
TRACE::2022-08-02.18:13:41::SCWPlatform::Started preparing the platform 
TRACE::2022-08-02.18:13:41::SCWSystem::Writing the bif file for system config design_2_wrapper
TRACE::2022-08-02.18:13:41::SCWSystem::dir created 
TRACE::2022-08-02.18:13:41::SCWSystem::Writing the bif 
TRACE::2022-08-02.18:13:41::SCWPlatform::Started writing the spfm file 
TRACE::2022-08-02.18:13:41::SCWPlatform::Started writing the xpfm file 
TRACE::2022-08-02.18:13:41::SCWPlatform::Completed generating the platform
TRACE::2022-08-02.18:13:41::SCWMssOS::Saving the mss changes D:/Vitis_workspace/design_2_wrapper/microblaze_0/standalone_microblaze_0/bsp/system.mss
TRACE::2022-08-02.18:13:41::SCWMssOS::Found a swdesign opened with the mssfile.
TRACE::2022-08-02.18:13:41::SCWMssOS::Completed writemss as part of save.
TRACE::2022-08-02.18:13:41::SCWMssOS::Commit changes completed.
TRACE::2022-08-02.18:13:41::SCWPlatform::Trying to open the hw design at D:/Vitis_workspace/design_2_wrapper/hw/design_2_wrapper.xsa
TRACE::2022-08-02.18:13:41::SCWPlatform::DSA given D:/Vitis_workspace/design_2_wrapper/hw/design_2_wrapper.xsa
TRACE::2022-08-02.18:13:41::SCWPlatform::DSA absoulate path D:/Vitis_workspace/design_2_wrapper/hw/design_2_wrapper.xsa
TRACE::2022-08-02.18:13:41::SCWPlatform::DSA directory D:/Vitis_workspace/design_2_wrapper/hw
TRACE::2022-08-02.18:13:41::SCWPlatform:: Platform Path D:/Vitis_workspace/design_2_wrapper/hw/design_2_wrapper.xsa
TRACE::2022-08-02.18:13:41::SCWPlatform:: Unique name xilinx:ac701::0.0
TRACE::2022-08-02.18:13:41::SCWPlatform::Trying to set the existing hwdb with name design_2_wrapper_0
TRACE::2022-08-02.18:13:41::SCWPlatform::Opened existing hwdb design_2_wrapper_0
TRACE::2022-08-02.18:13:41::SCWPlatform::Found the Hw Db part of the input DSA
TRACE::2022-08-02.18:13:41::SCWMssOS::Checking the sw design at  D:/Vitis_workspace/design_2_wrapper/microblaze_0/standalone_microblaze_0/bsp/system.mss
TRACE::2022-08-02.18:13:41::SCWMssOS::DEBUG:  swdes dump  D:/Vitis_workspace/design_2_wrapper/microblaze_0/standalone_microblaze_0/bsp/system.mss|system||

TRACE::2022-08-02.18:13:41::SCWMssOS::Sw design exists and opened at  D:/Vitis_workspace/design_2_wrapper/microblaze_0/standalone_microblaze_0/bsp/system.mss
TRACE::2022-08-02.18:13:41::SCWPlatform::Trying to open the hw design at D:/Vitis_workspace/design_2_wrapper/hw/design_2_wrapper.xsa
TRACE::2022-08-02.18:13:41::SCWPlatform::DSA given D:/Vitis_workspace/design_2_wrapper/hw/design_2_wrapper.xsa
TRACE::2022-08-02.18:13:41::SCWPlatform::DSA absoulate path D:/Vitis_workspace/design_2_wrapper/hw/design_2_wrapper.xsa
TRACE::2022-08-02.18:13:41::SCWPlatform::DSA directory D:/Vitis_workspace/design_2_wrapper/hw
TRACE::2022-08-02.18:13:41::SCWPlatform:: Platform Path D:/Vitis_workspace/design_2_wrapper/hw/design_2_wrapper.xsa
TRACE::2022-08-02.18:13:41::SCWPlatform:: Unique name xilinx:ac701::0.0
TRACE::2022-08-02.18:13:41::SCWPlatform::Trying to set the existing hwdb with name design_2_wrapper_0
TRACE::2022-08-02.18:13:41::SCWPlatform::Opened existing hwdb design_2_wrapper_0
TRACE::2022-08-02.18:13:41::SCWPlatform::Found the Hw Db part of the input DSA
TRACE::2022-08-02.18:13:41::SCWMssOS::Checking the sw design at  D:/Vitis_workspace/design_2_wrapper/microblaze_0/standalone_microblaze_0/bsp/system.mss
TRACE::2022-08-02.18:13:41::SCWMssOS::DEBUG:  swdes dump  D:/Vitis_workspace/design_2_wrapper/microblaze_0/standalone_microblaze_0/bsp/system.mss|system||

TRACE::2022-08-02.18:13:41::SCWMssOS::Sw design exists and opened at  D:/Vitis_workspace/design_2_wrapper/microblaze_0/standalone_microblaze_0/bsp/system.mss
TRACE::2022-08-02.18:13:41::SCWPlatform::Trying to open the hw design at D:/Vitis_workspace/design_2_wrapper/hw/design_2_wrapper.xsa
TRACE::2022-08-02.18:13:41::SCWPlatform::DSA given D:/Vitis_workspace/design_2_wrapper/hw/design_2_wrapper.xsa
TRACE::2022-08-02.18:13:41::SCWPlatform::DSA absoulate path D:/Vitis_workspace/design_2_wrapper/hw/design_2_wrapper.xsa
TRACE::2022-08-02.18:13:41::SCWPlatform::DSA directory D:/Vitis_workspace/design_2_wrapper/hw
TRACE::2022-08-02.18:13:41::SCWPlatform:: Platform Path D:/Vitis_workspace/design_2_wrapper/hw/design_2_wrapper.xsa
TRACE::2022-08-02.18:13:41::SCWPlatform:: Unique name xilinx:ac701::0.0
TRACE::2022-08-02.18:13:41::SCWPlatform::Trying to set the existing hwdb with name design_2_wrapper_0
TRACE::2022-08-02.18:13:41::SCWPlatform::Opened existing hwdb design_2_wrapper_0
TRACE::2022-08-02.18:13:41::SCWPlatform::Found the Hw Db part of the input DSA
TRACE::2022-08-02.18:13:41::SCWMssOS::Checking the sw design at  D:/Vitis_workspace/design_2_wrapper/microblaze_0/standalone_microblaze_0/bsp/system.mss
TRACE::2022-08-02.18:13:41::SCWMssOS::DEBUG:  swdes dump  D:/Vitis_workspace/design_2_wrapper/microblaze_0/standalone_microblaze_0/bsp/system.mss|system||

TRACE::2022-08-02.18:13:41::SCWMssOS::Sw design exists and opened at  D:/Vitis_workspace/design_2_wrapper/microblaze_0/standalone_microblaze_0/bsp/system.mss
TRACE::2022-08-02.18:13:41::SCWWriter::formatted JSON is {
	"platformName":	"design_2_wrapper",
	"sprVersion":	"2.0",
	"mode":	"gui",
	"dsaType":	"Fixed",
	"platformDesc":	"design_2_wrapper",
	"platHandOff":	"D:/AC701-tutorials/tutorial_3_ethernet/design_2_wrapper.xsa",
	"platIntHandOff":	"<platformDir>/hw/design_2_wrapper.xsa",
	"deviceType":	"FPGA",
	"platIsPrebuiltAutogen":	"false",
	"platIsNoBootBsp":	"false",
	"hasFsblMakeHasChanges":	"false",
	"hasPmufwMakeHasChanges":	"false",
	"platPreBuiltFlag":	false,
	"platformSamplesDir":	"",
	"platActiveSys":	"design_2_wrapper",
	"systems":	[{
			"systemName":	"design_2_wrapper",
			"systemDesc":	"design_2_wrapper",
			"sysIsBootAutoGen":	"true",
			"systemDispName":	"design_2_wrapper",
			"sysActiveDom":	"standalone_microblaze_0",
			"sysDefaultDom":	"standalone_microblaze_0",
			"domains":	[{
					"domainName":	"standalone_microblaze_0",
					"domainDispName":	"standalone_microblaze_0",
					"domainDesc":	"standalone_microblaze_0",
					"processors":	"microblaze_0",
					"os":	"standalone",
					"sdxOs":	"standalone",
					"debugEnable":	"False",
					"domRuntimes":	["cpp"],
					"swRepo":	"",
					"mssOsVer":	"7.7",
					"mssFile":	"",
					"md5Digest":	"3588382deef0580346db88e83b5581c2",
					"compatibleApp":	"hello_world",
					"domType":	"mssDomain",
					"arch":	"32-bit",
					"appSettings":	{
						"appCompilerFlags":	"",
						"appLinkerFlags":	""
					},
					"addedLibs":	[],
					"libOptions":	{
						"libsContainingOptions":	[]
					},
					"prebuiltLibs":	{
						"prebuiltIncPath":	[],
						"prebuiltLibPath":	[]
					},
					"isolation":	{
					}
				}]
		}]
}
KEYINFO::2022-08-02.18:13:41::SCWPlatform::updated the xpfm file.
LOG::2022-08-02.18:16:10::SCWPlatform::Started generating the artifacts platform design_2_wrapper
TRACE::2022-08-02.18:16:10::SCWPlatform::Sanity checking of platform is completed
LOG::2022-08-02.18:16:10::SCWPlatform::Started generating the artifacts for system configuration design_2_wrapper
LOG::2022-08-02.18:16:10::SCWSystem::Checking the domain standalone_microblaze_0
LOG::2022-08-02.18:16:10::SCWSystem::Not a boot domain 
LOG::2022-08-02.18:16:10::SCWSystem::Started Processing the domain standalone_microblaze_0
TRACE::2022-08-02.18:16:10::SCWDomain::Generating domain artifcats
TRACE::2022-08-02.18:16:10::SCWMssOS::Generating standalone artifcats
TRACE::2022-08-02.18:16:10::SCWMssOS:: Copying the user libraries. 
TRACE::2022-08-02.18:16:10::SCWPlatform::Trying to open the hw design at D:/Vitis_workspace/design_2_wrapper/hw/design_2_wrapper.xsa
TRACE::2022-08-02.18:16:10::SCWPlatform::DSA given D:/Vitis_workspace/design_2_wrapper/hw/design_2_wrapper.xsa
TRACE::2022-08-02.18:16:10::SCWPlatform::DSA absoulate path D:/Vitis_workspace/design_2_wrapper/hw/design_2_wrapper.xsa
TRACE::2022-08-02.18:16:10::SCWPlatform::DSA directory D:/Vitis_workspace/design_2_wrapper/hw
TRACE::2022-08-02.18:16:10::SCWPlatform:: Platform Path D:/Vitis_workspace/design_2_wrapper/hw/design_2_wrapper.xsa
TRACE::2022-08-02.18:16:10::SCWPlatform:: Unique name xilinx:ac701::0.0
TRACE::2022-08-02.18:16:10::SCWPlatform::Trying to set the existing hwdb with name design_2_wrapper_0
TRACE::2022-08-02.18:16:10::SCWPlatform::Opened existing hwdb design_2_wrapper_0
TRACE::2022-08-02.18:16:10::SCWPlatform::Found the Hw Db part of the input DSA
TRACE::2022-08-02.18:16:10::SCWMssOS::Checking the sw design at  D:/Vitis_workspace/design_2_wrapper/microblaze_0/standalone_microblaze_0/bsp/system.mss
TRACE::2022-08-02.18:16:10::SCWMssOS::DEBUG:  swdes dump  D:/Vitis_workspace/design_2_wrapper/microblaze_0/standalone_microblaze_0/bsp/system.mss|system||

TRACE::2022-08-02.18:16:10::SCWMssOS::Sw design exists and opened at  D:/Vitis_workspace/design_2_wrapper/microblaze_0/standalone_microblaze_0/bsp/system.mss
TRACE::2022-08-02.18:16:10::SCWMssOS::Completed writing the mss file at D:/Vitis_workspace/design_2_wrapper/microblaze_0/standalone_microblaze_0/bsp
TRACE::2022-08-02.18:16:10::SCWMssOS::Mss edits present, copying mssfile into export location D:/Vitis_workspace/design_2_wrapper/microblaze_0/standalone_microblaze_0/bsp/system.mss
TRACE::2022-08-02.18:16:10::SCWMssOS::bsp generated is upto date with the mss file. Skipping bsp generation.
TRACE::2022-08-02.18:16:10::SCWMssOS::BSP is already built. skipping the bsp build ... 
TRACE::2022-08-02.18:16:10::SCWDomain::Building the domain as part of full build :  standalone_microblaze_0
TRACE::2022-08-02.18:16:10::SCWMssOS::doing bsp build ... 
TRACE::2022-08-02.18:16:10::SCWMssOS::System Command Ran  D: & cd  D:/Vitis_workspace/design_2_wrapper/microblaze_0/standalone_microblaze_0/bsp & make 
TRACE::2022-08-02.18:16:10::SCWMssOS::make --no-print-directory seq_libs

TRACE::2022-08-02.18:16:10::SCWMssOS::'Finished building libraries sequentially.'

TRACE::2022-08-02.18:16:10::SCWMssOS::make -j 22 --no-print-directory par_libs

TRACE::2022-08-02.18:16:10::SCWMssOS::"Running Make include in microblaze_0/libsrc/bram_v4_7/src"

TRACE::2022-08-02.18:16:10::SCWMssOS::make -C microblaze_0/libsrc/bram_v4_7/src -s include  "SHELL=CMD" "COMPILER=mb-gcc" "ASSEMBLER=mb-as" "ARCHIVER=mb-ar" "COMPILE
TRACE::2022-08-02.18:16:10::SCWMssOS::R_FLAGS=  -O2 -c -mcpu=v11.0 -mlittle-endian -mxl-soft-mul" "EXTRA_COMPILER_FLAGS=-g -ffunction-sections -fdata-sections -Wall 
TRACE::2022-08-02.18:16:10::SCWMssOS::-Wextra -fno-tree-loop-distribute-patterns"

TRACE::2022-08-02.18:16:10::SCWMssOS::"Running Make include in microblaze_0/libsrc/cpu_v2_15/src"

TRACE::2022-08-02.18:16:10::SCWMssOS::make -C microblaze_0/libsrc/cpu_v2_15/src -s include  "SHELL=CMD" "COMPILER=mb-gcc" "ASSEMBLER=mb-as" "ARCHIVER=mb-ar" "COMPILE
TRACE::2022-08-02.18:16:10::SCWMssOS::R_FLAGS=  -O2 -c -mcpu=v11.0 -mlittle-endian -mxl-soft-mul" "EXTRA_COMPILER_FLAGS=-g -ffunction-sections -fdata-sections -Wall 
TRACE::2022-08-02.18:16:10::SCWMssOS::-Wextra -fno-tree-loop-distribute-patterns"

TRACE::2022-08-02.18:16:10::SCWMssOS::"Running Make include in microblaze_0/libsrc/intc_v3_14/src"

TRACE::2022-08-02.18:16:10::SCWMssOS::make -C microblaze_0/libsrc/intc_v3_14/src -s include  "SHELL=CMD" "COMPILER=mb-gcc" "ASSEMBLER=mb-as" "ARCHIVER=mb-ar" "COMPIL
TRACE::2022-08-02.18:16:10::SCWMssOS::ER_FLAGS=  -O2 -c -mcpu=v11.0 -mlittle-endian -mxl-soft-mul" "EXTRA_COMPILER_FLAGS=-g -ffunction-sections -fdata-sections -Wall
TRACE::2022-08-02.18:16:10::SCWMssOS:: -Wextra -fno-tree-loop-distribute-patterns"

TRACE::2022-08-02.18:16:10::SCWMssOS::"Running Make include in microblaze_0/libsrc/standalone_v7_7/src"

TRACE::2022-08-02.18:16:10::SCWMssOS::make -C microblaze_0/libsrc/standalone_v7_7/src -s include  "SHELL=CMD" "COMPILER=mb-gcc" "ASSEMBLER=mb-as" "ARCHIVER=mb-ar" "C
TRACE::2022-08-02.18:16:10::SCWMssOS::OMPILER_FLAGS=  -O2 -c -mcpu=v11.0 -mlittle-endian -mxl-soft-mul" "EXTRA_COMPILER_FLAGS=-g -ffunction-sections -fdata-sections 
TRACE::2022-08-02.18:16:10::SCWMssOS::-Wall -Wextra -fno-tree-loop-distribute-patterns"

TRACE::2022-08-02.18:16:10::SCWMssOS::"Running Make include in microblaze_0/libsrc/uartns550_v3_8/src"

TRACE::2022-08-02.18:16:10::SCWMssOS::make -C microblaze_0/libsrc/uartns550_v3_8/src -s include  "SHELL=CMD" "COMPILER=mb-gcc" "ASSEMBLER=mb-as" "ARCHIVER=mb-ar" "CO
TRACE::2022-08-02.18:16:10::SCWMssOS::MPILER_FLAGS=  -O2 -c -mcpu=v11.0 -mlittle-endian -mxl-soft-mul" "EXTRA_COMPILER_FLAGS=-g -ffunction-sections -fdata-sections -
TRACE::2022-08-02.18:16:10::SCWMssOS::Wall -Wextra -fno-tree-loop-distribute-patterns"

TRACE::2022-08-02.18:16:11::SCWMssOS::"Running Make libs in microblaze_0/libsrc/bram_v4_7/src"

TRACE::2022-08-02.18:16:11::SCWMssOS::make -C microblaze_0/libsrc/bram_v4_7/src -s libs  "SHELL=CMD" "COMPILER=mb-gcc" "ASSEMBLER=mb-as" "ARCHIVER=mb-ar" "COMPILER_F
TRACE::2022-08-02.18:16:11::SCWMssOS::LAGS=  -O2 -c -mcpu=v11.0 -mlittle-endian -mxl-soft-mul" "EXTRA_COMPILER_FLAGS=-g -ffunction-sections -fdata-sections -Wall -We
TRACE::2022-08-02.18:16:11::SCWMssOS::xtra -fno-tree-loop-distribute-patterns"

TRACE::2022-08-02.18:16:11::SCWMssOS::"Running Make libs in microblaze_0/libsrc/cpu_v2_15/src"

TRACE::2022-08-02.18:16:11::SCWMssOS::make -C microblaze_0/libsrc/cpu_v2_15/src -s libs  "SHELL=CMD" "COMPILER=mb-gcc" "ASSEMBLER=mb-as" "ARCHIVER=mb-ar" "COMPILER_F
TRACE::2022-08-02.18:16:11::SCWMssOS::LAGS=  -O2 -c -mcpu=v11.0 -mlittle-endian -mxl-soft-mul" "EXTRA_COMPILER_FLAGS=-g -ffunction-sections -fdata-sections -Wall -We
TRACE::2022-08-02.18:16:11::SCWMssOS::xtra -fno-tree-loop-distribute-patterns"

TRACE::2022-08-02.18:16:11::SCWMssOS::"Running Make libs in microblaze_0/libsrc/intc_v3_14/src"

TRACE::2022-08-02.18:16:11::SCWMssOS::make -C microblaze_0/libsrc/intc_v3_14/src -s libs  "SHELL=CMD" "COMPILER=mb-gcc" "ASSEMBLER=mb-as" "ARCHIVER=mb-ar" "COMPILER_
TRACE::2022-08-02.18:16:11::SCWMssOS::FLAGS=  -O2 -c -mcpu=v11.0 -mlittle-endian -mxl-soft-mul" "EXTRA_COMPILER_FLAGS=-g -ffunction-sections -fdata-sections -Wall -W
TRACE::2022-08-02.18:16:11::SCWMssOS::extra -fno-tree-loop-distribute-patterns"

TRACE::2022-08-02.18:16:11::SCWMssOS::"Running Make libs in microblaze_0/libsrc/standalone_v7_7/src"

TRACE::2022-08-02.18:16:11::SCWMssOS::make -C microblaze_0/libsrc/standalone_v7_7/src -s libs  "SHELL=CMD" "COMPILER=mb-gcc" "ASSEMBLER=mb-as" "ARCHIVER=mb-ar" "COMP
TRACE::2022-08-02.18:16:11::SCWMssOS::ILER_FLAGS=  -O2 -c -mcpu=v11.0 -mlittle-endian -mxl-soft-mul" "EXTRA_COMPILER_FLAGS=-g -ffunction-sections -fdata-sections -Wa
TRACE::2022-08-02.18:16:11::SCWMssOS::ll -Wextra -fno-tree-loop-distribute-patterns"

TRACE::2022-08-02.18:16:11::SCWMssOS::"Running Make libs in microblaze_0/libsrc/uartns550_v3_8/src"

TRACE::2022-08-02.18:16:11::SCWMssOS::make -C microblaze_0/libsrc/uartns550_v3_8/src -s libs  "SHELL=CMD" "COMPILER=mb-gcc" "ASSEMBLER=mb-as" "ARCHIVER=mb-ar" "COMPI
TRACE::2022-08-02.18:16:11::SCWMssOS::LER_FLAGS=  -O2 -c -mcpu=v11.0 -mlittle-endian -mxl-soft-mul" "EXTRA_COMPILER_FLAGS=-g -ffunction-sections -fdata-sections -Wal
TRACE::2022-08-02.18:16:11::SCWMssOS::l -Wextra -fno-tree-loop-distribute-patterns"

TRACE::2022-08-02.18:16:11::SCWMssOS::"DEBUG NON_LTO_OBJECTS is ../../../lib/microblaze_interrupt_handler.o"

TRACE::2022-08-02.18:16:11::SCWMssOS::'Finished building libraries parallelly.'

TRACE::2022-08-02.18:16:11::SCWMssOS::make --no-print-directory archive

TRACE::2022-08-02.18:16:11::SCWMssOS::mb-ar -r  microblaze_0/lib/libxil.a microblaze_0/lib/xuartns550_format.o microblaze_0/lib/xplatform_info.o microblaze_0/lib/mic
TRACE::2022-08-02.18:16:11::SCWMssOS::roblaze_disable_exceptions.o microblaze_0/lib/print.o microblaze_0/lib/_exit.o microblaze_0/lib/xil_testio.o microblaze_0/lib/m
TRACE::2022-08-02.18:16:11::SCWMssOS::icroblaze_disable_dcache.o microblaze_0/lib/microblaze_flush_dcache_range.o microblaze_0/lib/xuartns550_g.o microblaze_0/lib/mi
TRACE::2022-08-02.18:16:11::SCWMssOS::croblaze_flush_cache_ext.o microblaze_0/lib/xbram_sinit.o microblaze_0/lib/xuartns550_sinit.o microblaze_0/lib/xil_misc_psreset
TRACE::2022-08-02.18:16:11::SCWMssOS::_api.o microblaze_0/lib/xinterrupt_wrap.o microblaze_0/lib/xil_cache.o microblaze_0/lib/xil_util.o microblaze_0/lib/inbyte.o mi
TRACE::2022-08-02.18:16:11::SCWMssOS::croblaze_0/lib/xuartns550_selftest.o microblaze_0/lib/xbram_g.o microblaze_0/lib/microblaze_exception_handler.o microblaze_0/li
TRACE::2022-08-02.18:16:11::SCWMssOS::b/xuartns550.o microblaze_0/lib/microblaze_scrub.o microblaze_0/lib/microblaze_invalidate_dcache.o microblaze_0/lib/microblaze_
TRACE::2022-08-02.18:16:11::SCWMssOS::disable_interrupts.o microblaze_0/lib/xbram_selftest.o microblaze_0/lib/microblaze_interrupt_handler.o microblaze_0/lib/microbl
TRACE::2022-08-02.18:16:11::SCWMssOS::aze_disable_icache.o microblaze_0/lib/xuartns550_intr.o microblaze_0/lib/xuartns550_l.o microblaze_0/lib/xil_mem.o microblaze_0
TRACE::2022-08-02.18:16:11::SCWMssOS::/lib/xuartns550_stats.o microblaze_0/lib/microblaze_flush_cache_ext_range.o microblaze_0/lib/xuartns550_options.o microblaze_0/
TRACE::2022-08-02.18:16:11::SCWMssOS::lib/xbram_intr.o microblaze_0/lib/xil_sleepcommon.o microblaze_0/lib/xil_printf.o microblaze_0/lib/xintc_g.o microblaze_0/lib/x
TRACE::2022-08-02.18:16:11::SCWMssOS::intc_selftest.o microblaze_0/lib/xintc_l.o microblaze_0/lib/outbyte.o microblaze_0/lib/microblaze_invalidate_dcache_range.o mic
TRACE::2022-08-02.18:16:11::SCWMssOS::roblaze_0/lib/microblaze_invalidate_cache_ext.o microblaze_0/lib/microblaze_sleep.o microblaze_0/lib/hw_exception_handler.o mic
TRACE::2022-08-02.18:16:11::SCWMssOS::roblaze_0/lib/xintc_intr.o microblaze_0/lib/microblaze_update_dcache.o microblaze_0/lib/xil_testcache.o microblaze_0/lib/microb
TRACE::2022-08-02.18:16:11::SCWMssOS::laze_selftest.o microblaze_0/lib/microblaze_interrupts_g.o microblaze_0/lib/microblaze_enable_exceptions.o microblaze_0/lib/mic
TRACE::2022-08-02.18:16:11::SCWMssOS::roblaze_enable_dcache.o microblaze_0/lib/xbram.o microblaze_0/lib/microblaze_invalidate_icache_range.o microblaze_0/lib/microbl
TRACE::2022-08-02.18:16:11::SCWMssOS::aze_init_dcache_range.o microblaze_0/lib/microblaze_invalidate_icache.o microblaze_0/lib/errno.o microblaze_0/lib/xintc_options
TRACE::2022-08-02.18:16:11::SCWMssOS::.o microblaze_0/lib/microblaze_invalidate_cache_ext_range.o microblaze_0/lib/xil_exception.o microblaze_0/lib/pvr.o microblaze_
TRACE::2022-08-02.18:16:11::SCWMssOS::0/lib/xil_testmem.o microblaze_0/lib/microblaze_update_icache.o microblaze_0/lib/microblaze_flush_dcache.o microblaze_0/lib/xil
TRACE::2022-08-02.18:16:11::SCWMssOS::_clocking.o microblaze_0/lib/xil_assert.o microblaze_0/lib/microblaze_enable_interrupts.o microblaze_0/lib/xio.o microblaze_0/l
TRACE::2022-08-02.18:16:11::SCWMssOS::ib/microblaze_enable_icache.o microblaze_0/lib/xintc.o microblaze_0/lib/fcntl.o microblaze_0/lib/microblaze_init_icache_range.o
TRACE::2022-08-02.18:16:11::SCWMssOS::

TRACE::2022-08-02.18:16:11::SCWMssOS::'Finished building libraries'

TRACE::2022-08-02.18:16:12::SCWMssOS::Copying to export directory.
TRACE::2022-08-02.18:16:12::SCWMssOS:: Checking if to create the Supporting Applications
TRACE::2022-08-02.18:16:12::SCWMssOS:: No Linux domain exists, trying to generate FSBL 
LOG::2022-08-02.18:16:12::SCWSystem::Completed Processing the domain standalone_microblaze_0
LOG::2022-08-02.18:16:12::SCWSystem::Completed Processing the sysconfig design_2_wrapper
LOG::2022-08-02.18:16:12::SCWPlatform::Completed generating the artifacts for system configuration design_2_wrapper
TRACE::2022-08-02.18:16:12::SCWPlatform::Started preparing the platform 
TRACE::2022-08-02.18:16:12::SCWSystem::Writing the bif file for system config design_2_wrapper
TRACE::2022-08-02.18:16:12::SCWSystem::dir created 
TRACE::2022-08-02.18:16:12::SCWSystem::Writing the bif 
TRACE::2022-08-02.18:16:12::SCWPlatform::Started writing the spfm file 
TRACE::2022-08-02.18:16:12::SCWPlatform::Started writing the xpfm file 
TRACE::2022-08-02.18:16:12::SCWPlatform::Completed generating the platform
TRACE::2022-08-02.18:16:12::SCWMssOS::Saving the mss changes D:/Vitis_workspace/design_2_wrapper/microblaze_0/standalone_microblaze_0/bsp/system.mss
TRACE::2022-08-02.18:16:12::SCWMssOS::Found a swdesign opened with the mssfile.
TRACE::2022-08-02.18:16:12::SCWMssOS::Completed writemss as part of save.
TRACE::2022-08-02.18:16:12::SCWMssOS::Commit changes completed.
TRACE::2022-08-02.18:16:12::SCWPlatform::Trying to open the hw design at D:/Vitis_workspace/design_2_wrapper/hw/design_2_wrapper.xsa
TRACE::2022-08-02.18:16:12::SCWPlatform::DSA given D:/Vitis_workspace/design_2_wrapper/hw/design_2_wrapper.xsa
TRACE::2022-08-02.18:16:12::SCWPlatform::DSA absoulate path D:/Vitis_workspace/design_2_wrapper/hw/design_2_wrapper.xsa
TRACE::2022-08-02.18:16:12::SCWPlatform::DSA directory D:/Vitis_workspace/design_2_wrapper/hw
TRACE::2022-08-02.18:16:12::SCWPlatform:: Platform Path D:/Vitis_workspace/design_2_wrapper/hw/design_2_wrapper.xsa
TRACE::2022-08-02.18:16:12::SCWPlatform:: Unique name xilinx:ac701::0.0
TRACE::2022-08-02.18:16:12::SCWPlatform::Trying to set the existing hwdb with name design_2_wrapper_0
TRACE::2022-08-02.18:16:12::SCWPlatform::Opened existing hwdb design_2_wrapper_0
TRACE::2022-08-02.18:16:12::SCWPlatform::Found the Hw Db part of the input DSA
TRACE::2022-08-02.18:16:12::SCWMssOS::Checking the sw design at  D:/Vitis_workspace/design_2_wrapper/microblaze_0/standalone_microblaze_0/bsp/system.mss
TRACE::2022-08-02.18:16:12::SCWMssOS::DEBUG:  swdes dump  D:/Vitis_workspace/design_2_wrapper/microblaze_0/standalone_microblaze_0/bsp/system.mss|system||

TRACE::2022-08-02.18:16:12::SCWMssOS::Sw design exists and opened at  D:/Vitis_workspace/design_2_wrapper/microblaze_0/standalone_microblaze_0/bsp/system.mss
TRACE::2022-08-02.18:16:12::SCWPlatform::Trying to open the hw design at D:/Vitis_workspace/design_2_wrapper/hw/design_2_wrapper.xsa
TRACE::2022-08-02.18:16:12::SCWPlatform::DSA given D:/Vitis_workspace/design_2_wrapper/hw/design_2_wrapper.xsa
TRACE::2022-08-02.18:16:12::SCWPlatform::DSA absoulate path D:/Vitis_workspace/design_2_wrapper/hw/design_2_wrapper.xsa
TRACE::2022-08-02.18:16:12::SCWPlatform::DSA directory D:/Vitis_workspace/design_2_wrapper/hw
TRACE::2022-08-02.18:16:12::SCWPlatform:: Platform Path D:/Vitis_workspace/design_2_wrapper/hw/design_2_wrapper.xsa
TRACE::2022-08-02.18:16:12::SCWPlatform:: Unique name xilinx:ac701::0.0
TRACE::2022-08-02.18:16:12::SCWPlatform::Trying to set the existing hwdb with name design_2_wrapper_0
TRACE::2022-08-02.18:16:12::SCWPlatform::Opened existing hwdb design_2_wrapper_0
TRACE::2022-08-02.18:16:12::SCWPlatform::Found the Hw Db part of the input DSA
TRACE::2022-08-02.18:16:12::SCWMssOS::Checking the sw design at  D:/Vitis_workspace/design_2_wrapper/microblaze_0/standalone_microblaze_0/bsp/system.mss
TRACE::2022-08-02.18:16:12::SCWMssOS::DEBUG:  swdes dump  D:/Vitis_workspace/design_2_wrapper/microblaze_0/standalone_microblaze_0/bsp/system.mss|system||

TRACE::2022-08-02.18:16:12::SCWMssOS::Sw design exists and opened at  D:/Vitis_workspace/design_2_wrapper/microblaze_0/standalone_microblaze_0/bsp/system.mss
TRACE::2022-08-02.18:16:12::SCWPlatform::Trying to open the hw design at D:/Vitis_workspace/design_2_wrapper/hw/design_2_wrapper.xsa
TRACE::2022-08-02.18:16:12::SCWPlatform::DSA given D:/Vitis_workspace/design_2_wrapper/hw/design_2_wrapper.xsa
TRACE::2022-08-02.18:16:12::SCWPlatform::DSA absoulate path D:/Vitis_workspace/design_2_wrapper/hw/design_2_wrapper.xsa
TRACE::2022-08-02.18:16:12::SCWPlatform::DSA directory D:/Vitis_workspace/design_2_wrapper/hw
TRACE::2022-08-02.18:16:12::SCWPlatform:: Platform Path D:/Vitis_workspace/design_2_wrapper/hw/design_2_wrapper.xsa
TRACE::2022-08-02.18:16:12::SCWPlatform:: Unique name xilinx:ac701::0.0
TRACE::2022-08-02.18:16:12::SCWPlatform::Trying to set the existing hwdb with name design_2_wrapper_0
TRACE::2022-08-02.18:16:12::SCWPlatform::Opened existing hwdb design_2_wrapper_0
TRACE::2022-08-02.18:16:12::SCWPlatform::Found the Hw Db part of the input DSA
TRACE::2022-08-02.18:16:12::SCWMssOS::Checking the sw design at  D:/Vitis_workspace/design_2_wrapper/microblaze_0/standalone_microblaze_0/bsp/system.mss
TRACE::2022-08-02.18:16:12::SCWMssOS::DEBUG:  swdes dump  D:/Vitis_workspace/design_2_wrapper/microblaze_0/standalone_microblaze_0/bsp/system.mss|system||

TRACE::2022-08-02.18:16:12::SCWMssOS::Sw design exists and opened at  D:/Vitis_workspace/design_2_wrapper/microblaze_0/standalone_microblaze_0/bsp/system.mss
TRACE::2022-08-02.18:16:12::SCWWriter::formatted JSON is {
	"platformName":	"design_2_wrapper",
	"sprVersion":	"2.0",
	"mode":	"gui",
	"dsaType":	"Fixed",
	"platformDesc":	"design_2_wrapper",
	"platHandOff":	"D:/AC701-tutorials/tutorial_3_ethernet/design_2_wrapper.xsa",
	"platIntHandOff":	"<platformDir>/hw/design_2_wrapper.xsa",
	"deviceType":	"FPGA",
	"platIsPrebuiltAutogen":	"false",
	"platIsNoBootBsp":	"false",
	"hasFsblMakeHasChanges":	"false",
	"hasPmufwMakeHasChanges":	"false",
	"platPreBuiltFlag":	false,
	"platformSamplesDir":	"",
	"platActiveSys":	"design_2_wrapper",
	"systems":	[{
			"systemName":	"design_2_wrapper",
			"systemDesc":	"design_2_wrapper",
			"sysIsBootAutoGen":	"true",
			"systemDispName":	"design_2_wrapper",
			"sysActiveDom":	"standalone_microblaze_0",
			"sysDefaultDom":	"standalone_microblaze_0",
			"domains":	[{
					"domainName":	"standalone_microblaze_0",
					"domainDispName":	"standalone_microblaze_0",
					"domainDesc":	"standalone_microblaze_0",
					"processors":	"microblaze_0",
					"os":	"standalone",
					"sdxOs":	"standalone",
					"debugEnable":	"False",
					"domRuntimes":	["cpp"],
					"swRepo":	"",
					"mssOsVer":	"7.7",
					"mssFile":	"",
					"md5Digest":	"3588382deef0580346db88e83b5581c2",
					"compatibleApp":	"hello_world",
					"domType":	"mssDomain",
					"arch":	"32-bit",
					"appSettings":	{
						"appCompilerFlags":	"",
						"appLinkerFlags":	""
					},
					"addedLibs":	[],
					"libOptions":	{
						"libsContainingOptions":	[]
					},
					"prebuiltLibs":	{
						"prebuiltIncPath":	[],
						"prebuiltLibPath":	[]
					},
					"isolation":	{
					}
				}]
		}]
}
KEYINFO::2022-08-02.18:16:12::SCWPlatform::updated the xpfm file.
TRACE::2022-08-02.18:16:13::SCWPlatform::Trying to open the hw design at D:/Vitis_workspace/design_2_wrapper/hw/design_2_wrapper.xsa
TRACE::2022-08-02.18:16:13::SCWPlatform::DSA given D:/Vitis_workspace/design_2_wrapper/hw/design_2_wrapper.xsa
TRACE::2022-08-02.18:16:13::SCWPlatform::DSA absoulate path D:/Vitis_workspace/design_2_wrapper/hw/design_2_wrapper.xsa
TRACE::2022-08-02.18:16:13::SCWPlatform::DSA directory D:/Vitis_workspace/design_2_wrapper/hw
TRACE::2022-08-02.18:16:13::SCWPlatform:: Platform Path D:/Vitis_workspace/design_2_wrapper/hw/design_2_wrapper.xsa
TRACE::2022-08-02.18:16:13::SCWPlatform:: Unique name xilinx:ac701::0.0
TRACE::2022-08-02.18:16:13::SCWPlatform::Trying to set the existing hwdb with name design_2_wrapper_0
TRACE::2022-08-02.18:16:13::SCWPlatform::Opened existing hwdb design_2_wrapper_0
TRACE::2022-08-02.18:16:13::SCWPlatform::Found the Hw Db part of the input DSA
TRACE::2022-08-02.18:16:13::SCWMssOS::Checking the sw design at  D:/Vitis_workspace/design_2_wrapper/microblaze_0/standalone_microblaze_0/bsp/system.mss
TRACE::2022-08-02.18:16:13::SCWMssOS::DEBUG:  swdes dump  D:/Vitis_workspace/design_2_wrapper/microblaze_0/standalone_microblaze_0/bsp/system.mss|system||

TRACE::2022-08-02.18:16:13::SCWMssOS::Sw design exists and opened at  D:/Vitis_workspace/design_2_wrapper/microblaze_0/standalone_microblaze_0/bsp/system.mss
